#
# A fatal error has been detected by the Java Runtime Environment:
#
#  EXCEPTION_ACCESS_VIOLATION (0xc0000005) at pc=0x00000203086e112d, pid=772, tid=8028
#
# JRE version: OpenJDK Runtime Environment Corretto-11.0.21.9.1 (11.0.21+9) (build 11.0.21+9-LTS)
# Java VM: OpenJDK 64-Bit Server VM Corretto-11.0.21.9.1 (11.0.21+9-LTS, mixed mode, tiered, compressed oops, g1 gc, windows-amd64)
# Problematic frame:
# v  ~StubRoutines::get_previous_fp
#
# No core dump will be written. Minidumps are not enabled by default on client versions of Windows
#
# If you would like to submit a bug report, please visit:
#   https://github.com/corretto/corretto-11/issues/
#

---------------  S U M M A R Y ------------

Command Line: -javaagent:C:\\Users\\Asus\\.m2\\repository\\org\\jacoco\\org.jacoco.agent\\0.7.7.201606060606\\org.jacoco.agent-0.7.7.201606060606-runtime.jar=destfile=C:\\Users\\Asus\\Desktop\\DevOps_Project\\target\\jacoco.exec C:\Users\Asus\AppData\Local\Temp\surefire11941750119061777584\surefirebooter7888410923848232397.jar C:\Users\Asus\AppData\Local\Temp\surefire11941750119061777584 2023-10-23T14-45-02_590-jvmRun1 surefire4203565965193784792tmp surefire_08715333242215122815tmp

Host: AMD Ryzen 7 4800H with Radeon Graphics         , 16 cores, 15G,  Windows 10 , 64 bit Build 19041 (10.0.19041.3393)
Time: Mon Oct 23 14:45:03 2023 Paris, Madrid (heure duild 19041 (10.0.19041.3393) elapsed time: 0.569745 seconds (0d 0h 0m 0s)

---------------  T H R E A D  ---------------

Current thread (0x0000020376a57800):  JavaThread "main" [_thread_in_vm, id=8028, stack(0x000000c02e800000,0x000000c02e900000)]

Stack: [0x000000c02e800000,0x000000c02e900000],  sp=0x000000c02e8ff820,  free space=1022k
Native frames: (J=compiled Java code, j=interpreted, Vv=VM code, C=native code)
C  0x00000203086e112d


siginfo: EXCEPTION_ACCESS_VIOLATION (0xc0000005), reading address 0x00000000000003d8


Register to memory mapping:

RIP=0x00000203086e112d is at begin+8 in a stub
StubRoutines::get_previous_fp [0x00000203086e1125, 0x00000203086e1132[ (13 bytes)
RAX=0x00000000000003d8 is an unknown value
RBX=0x000000c02e8ff8c0 is pointing into the stack for thread: 0x0000020376a57800
RCX=0x000000c02e8ff8c0 is pointing into the stack for thread: 0x0000020376a57800
RDX=0x0 is NULL
RSP=0x000000c02e8ff820 is pointing into the stack for thread: 0x0000020376a57800
RBP=0x000000c02e8ff820 is pointing into the stack for thread: 0x0000020376a57800
RSI=0x0 is NULL
RDI=0x0000020376a57800 is a thread
R8 =0x000000c02e8ff798 is pointing into the stack for thread: 0x0000020376a57800
R9 =0x0000000000000001 is an unknown value
R10=0x0 is NULL
R11=0x000000c02e8ff850 is pointing into the stack for thread: 0x0000020376a57800
R12=0x0000020376a581d8 points into unknown readable memory: 0x10034438495134f2 | f2 34 51 49 38 44 03 10
R13=0x00000203767a16a8 points into unknown readable memory: 0x00000203767a5c30 | 30 5c 7a 76 03 02 00 00
R14=0x0000020325f37950 points into unknown readable memory: 0x00000203253f4ba0 | a0 4b 3f 25 03 02 00 00
R15=0x0000020376a57e00 points into unknown readable memory: 0x6e616c2e6176616a | 6a 61 76 61 2e 6c 61 6e


Registers:
RAX=0x00000000000003d8, RBX=0x000000c02e8ff8c0, RCX=0x000000c02e8ff8c0, RDX=0x0000000000000000
RSP=0x000000c02e8ff820, RBP=0x000000c02e8ff820, RSI=0x0000000000000000, RDI=0x0000020376a57800
R8 =0x000000c02e8ff798, R9 =0x0000000000000001, R10=0x0000000000000000, R11=0x000000c02e8ff850
R12=0x0000020376a581d8, R13=0x00000203767a16a8, R14=0x0000020325f37950, R15=0x0000020376a57e00
RIP=0x00000203086e112d, EFLAGS=0x0000000000010202

Top of Stack: (sp=0x000000c02e8ff820)
0x000000c02e8ff820:   00000000000003d8 00007ff87fc35a86
0x000000c02e8ff830:   00000000000000af 000000c02e8ff920
0x000000c02e8ff840:   00007ff8b92b82d0 00007ff8c190b3e4
0x000000c02e8ff850:   0000020376a57df0 00007ff87f6b232c
0x000000c02e8ff860:   0000020376a57800 00000203767a49b0
0x000000c02e8ff870:   00000000000007d0 0000000000007fd8
0x000000c02e8ff880:   0000020376a57800 00007ff87fd89ad1
0x000000c02e8ff890:   00000203767a49b0 0000020376a57df0
0x000000c02e8ff8a0:   0000020376a57df0 0000020325352e70
0x000000c02e8ff8b0:   0000020376a3c3f8 00007ff8b92b148c
0x000000c02e8ff8c0:   0000000000000000 0000000000000024
0x000000c02e8ff8d0:   00007ff8b92b82d0 000000c02e8ff920
0x000000c02e8ff8e0:   00007ff8c19df540 0000000000000000
0x000000c02e8ff8f0:   000082eb3656f891 00007ff8b92b7ae0
0x000000c02e8ff900:   0000020376a57800 00007ff87fc381d0
0x000000c02e8ff910:   0000020376a57b48 00007ff8b92b82d0 

Instructions: (pc=0x00000203086e112d)
0x00000203086e102d:   84 83 00 00 00 83 fa 07 0f 84 80 00 00 00 89 01
0x00000203086e103d:   48 8d a5 28 fe ff ff c5 fa 6f 75 b8 c5 fa 6f 7d
0x00000203086e104d:   a8 c5 7a 6f 45 98 c5 7a 6f 4d 88 c5 7a 6f 95 78
0x00000203086e105d:   ff ff ff c5 7a 6f 9d 68 ff ff ff c5 7a 6f a5 58
0x00000203086e106d:   ff ff ff c5 7a 6f ad 48 ff ff ff c5 7a 6f b5 38
0x00000203086e107d:   ff ff ff c5 7a 6f bd 28 ff ff ff 4c 8b 7d c8 4c
0x00000203086e108d:   8b 75 d0 4c 8b 6d d8 4c 8b 65 e0 48 8b 5d f8 48
0x00000203086e109d:   8b 7d e8 48 8b 75 f0 48 81 c4 d8 01 00 00 c5 f8
0x00000203086e10ad:   77 5d c3 48 89 01 eb 88 c5 fa 11 01 eb 82 c5 fb
0x00000203086e10bd:   11 01 e9 79 ff ff ff 49 89 47 08 49 ba 40 53 f3
0x00000203086e10cd:   7f f8 7f 00 00 4d 89 57 10 41 c7 47 18 da 01 00
0x00000203086e10dd:   00 e9 2d ff ff ff 8b c1 87 02 c3 48 8b c1 48 87
0x00000203086e10ed:   02 c3 41 8b c0 f0 0f b1 0a c3 49 0f be c0 f0 0f
0x00000203086e10fd:   b0 0a c3 49 8b c0 f0 48 0f b1 0a c3 8b c1 f0 0f
0x00000203086e110d:   c1 0a 03 c1 c3 48 8b c1 f0 48 0f c1 0a 48 03 c1
0x00000203086e111d:   c3 f0 83 44 24 c0 00 c3 55 48 8b ec 48 8b 45 00
0x00000203086e112d:   48 8b 00 5d c3 48 8b c4 48 83 c0 08 c3 c3 0f 1f
0x00000203086e113d:   44 00 00 55 48 8b ec 49 b9 30 05 09 80 f8 7f 00
0x00000203086e114d:   00 f7 d1 41 83 f8 10 0f 8c 38 02 00 00 44 8b da
0x00000203086e115d:   41 83 e3 0f 74 23 41 83 eb 10 45 03 c3 66 90 0f
0x00000203086e116d:   be 02 33 c1 81 e0 ff 00 00 00 c1 e9 08 41 33 0c
0x00000203086e117d:   81 48 ff c2 41 ff c3 7c e6 45 8b d8 41 c1 e8 04
0x00000203086e118d:   0f 84 fc 01 00 00 c5 f9 6f 0a c5 f9 7e c8 33 c8
0x00000203086e119d:   c4 e3 71 22 c9 00 48 83 c2 10 41 83 e8 04 0f 8c
0x00000203086e11ad:   d7 00 00 00 c5 f9 6f 12 c5 f9 6f 5a 10 c5 f9 6f
0x00000203086e11bd:   62 20 48 83 c2 30 41 83 e8 03 0f 8e 70 00 00 00
0x00000203086e11cd:   49 ba 20 05 09 80 f8 7f 00 00 c4 c1 7a 6f 02 0f
0x00000203086e11dd:   1f 40 00 c4 e3 79 44 e9 11 c4 e3 79 44 c9 00 c5
0x00000203086e11ed:   f1 ef 0a c5 f1 ef cd c4 e3 79 44 ea 11 c4 e3 79
0x00000203086e11fd:   44 d2 00 c5 e9 ef 52 10 c5 e9 ef d5 c4 e3 79 44
0x00000203086e120d:   eb 11 c4 e3 79 44 db 00 c5 e1 ef 5a 20 c5 e1 ef
0x00000203086e121d:   dd c4 e3 79 44 ec 11 c4 e3 79 44 e4 00 c5 d9 ef 


Stack slot to memory mapping:
stack at sp + 0 slots: 0x00000000000003d8 is an unknown value
stack at sp + 1 slots: 0x00007ff87fc35a86 jvm.dll
stack at sp + 2 slots: 0x00000000000000af is an unknown value
stack at sp + 3 slots: 0x000000c02e8ff920 is pointing into the stack for thread: 0x0000020376a57800
stack at sp + 4 slots: 0x00007ff8b92b82d0 instrument.dll
stack at sp + 5 slots: 0x00007ff8c190b3e4 ucrtbase.dll
stack at sp + 6 slots: 0x0000020376a57df0 points into unknown readable memory: 0x0000020325f37940 | 40 79 f3 25 03 02 00 00
stack at sp + 7 slots: 0x00007ff87f6b232c jvm.dll

StubRoutines::get_previous_fp [0x00000203086e1125, 0x00000203086e1132[ (13 bytes)
---------------  P R O C E S S  ---------------

Threads class SMR info:
_java_thread_list=0x000002032553cbf0, length=13, elements={
0x0000020376a57800, 0x0000020324aae000, 0x0000020324aa5800, 0x00000203253b1800,
0x00000203253b2800, 0x00000203253b4000, 0x000002032535d000, 0x00000203253d6000,
0x00000203253d9000, 0x000002032553a800, 0x000002032553f800, 0x000002032554b000,
0x00000203255c6000
}

Java Threads: ( => current thread )
=>0x0000020376a57800 JavaThread "main" [_thread_in_vm, id=8028, stack(0x000000c02e800000,0x000000c02e900000)]
  0x0000020324aae000 JavaThread "Reference Handler" daemon [_thread_blocked, id=14876, stack(0x000000c02ef00000,0x000000c02f000000)]
  0x0000020324aa5800 JavaThread "Finalizer" daemon [_thread_blocked, id=9024, stack(0x000000c02f000000,0x000000c02f100000)]
  0x00000203253b1800 JavaThread "Signal Dispatcher" daemon [_thread_blocked, id=12744, stack(0x000000c02f100000,0x000000c02f200000)]
  0x00000203253b2800 JavaThread "Attach Listener" daemon [_thread_blocked, id=9836, stack(0x000000c02f200000,0x000000c02f300000)]
  0x00000203253b4000 JavaThread "Service Thread" daemon [_thread_blocked, id=4368, stack(0x000000c02f300000,0x000000c02f400000)]
  0x000002032535d000 JavaThread "C2 CompilerThread0" daemon [_thread_blocked, id=9904, stack(0x000000c02f400000,0x000000c02f500000)]
  0x00000203253d6000 JavaThread "C1 CompilerThread0" daemon [_thread_blocked, id=9552, stack(0x000000c02f500000,0x000000c02f600000)]
  0x00000203253d9000 JavaThread "Sweeper thread" daemon [_thread_blocked, id=8336, stack(0x000000c02f600000,0x000000c02f700000)]
  0x000002032553a800 JavaThread "Common-Cleaner" daemon [_thread_blocked, id=10756, stack(0x000000c02f700000,0x000000c02f800000)]
  0x000002032553f800 JavaThread "C1 CompilerThread1" daemon [_thread_blocked, id=13396, stack(0x000000c02f800000,0x000000c02f900000)]
  0x000002032554b000 JavaThread "C2 CompilerThread1" daemon [_thread_blocked, id=10652, stack(0x000000c02f900000,0x000000c02fa00000)]
  0x00000203255c6000 JavaThread "C2 CompilerThread2" daemon [_thread_blocked, id=13636, stack(0x000000c02fa00000,0x000000c02fb00000)]

Other Threads:
  0x0000020324a9c000 VMThread "VM Thread" [stack: 0x000000c02ee00000,0x000000c02ef00000] [id=15172]
  0x0000020376a70000 GCTaskThread "GC Thread#0" [stack: 0x000000c02e900000,0x000000c02ea00000] [id=10140]
  0x0000020376acd000 ConcurrentGCThread "G1 Main Marker" [stack: 0x000000c02ea00000,0x000000c02eb00000] [id=3196]
  0x0000020376acf800 ConcurrentGCThread "G1 Conc#0" [stack: 0x000000c02eb00000,0x000000c02ec00000] [id=10312]
  0x0000020324976800 ConcurrentGCThread "G1 Refine#0" [stack: 0x000000c02ec00000,0x000000c02ed00000] [id=5392]
  0x0000020324977800 ConcurrentGCThread "G1 Young RemSet Sampling" [stack: 0x000000c02ed00000,0x000000c02ee00000] [id=12584]

Threads with active compile tasks:

VM state:not at safepoint (normal execution)

VM Mutex/Monitor currently owned by a thread: None

Heap address: 0x0000000709400000, size: 3948 MB, Compressed Oops mode: Zero based, Oop shift amount: 3
Narrow klass base: 0x0000000800000000, Narrow klass shift: 0
Compressed class space size: 1073741824 Address: 0x0000000800000000

Heap:
 garbage-first heap   total 253952K, used 14336K [0x0000000709400000, 0x0000000800000000)
  region size 1024K, 14 young (14336K), 0 survivors (0K)
 Metaspace       used 10211K, capacity 10371K, committed 10496K, reserved 1058816K
  class space    used 895K, capacity 942K, committed 1024K, reserved 1048576K
Heap Regions: E=young(eden), S=young(survivor), O=old, HS=humongous(starts), HC=humongous(continues), CS=collection set, F=free, A=archive, TAMS=top-at-mark-start (previous, next)
|   0|0x0000000709400000, 0x0000000709500000, 0x0000000709500000|100%|HS|  |TAMS 0x0000000709400000, 0x0000000709400000| Complete 
|   1|0x0000000709500000, 0x0000000709600000, 0x0000000709600000|100%|HS|  |TAMS 0x0000000709500000, 0x0000000709500000| Complete 
|   2|0x0000000709600000, 0x0000000709600000, 0x0000000709700000|  0%| F|  |TAMS 0x0000000709600000, 0x0000000709600000| Untracked 
|   3|0x0000000709700000, 0x0000000709700000, 0x0000000709800000|  0%| F|  |TAMS 0x0000000709700000, 0x0000000709700000| Untracked 
|   4|0x0000000709800000, 0x0000000709800000, 0x0000000709900000|  0%| F|  |TAMS 0x0000000709800000, 0x0000000709800000| Untracked 
|   5|0x0000000709900000, 0x0000000709900000, 0x0000000709a00000|  0%| F|  |TAMS 0x0000000709900000, 0x0000000709900000| Untracked 
|   6|0x0000000709a00000, 0x0000000709a00000, 0x0000000709b00000|  0%| F|  |TAMS 0x0000000709a00000, 0x0000000709a00000| Untracked 
|   7|0x0000000709b00000, 0x0000000709b00000, 0x0000000709c00000|  0%| F|  |TAMS 0x0000000709b00000, 0x0000000709b00000| Untracked 
|   8|0x0000000709c00000, 0x0000000709c00000, 0x0000000709d00000|  0%| F|  |TAMS 0x0000000709c00000, 0x0000000709c00000| Untracked 
|   9|0x0000000709d00000, 0x0000000709d00000, 0x0000000709e00000|  0%| F|  |TAMS 0x0000000709d00000, 0x0000000709d00000| Untracked 
|  10|0x0000000709e00000, 0x0000000709e00000, 0x0000000709f00000|  0%| F|  |TAMS 0x0000000709e00000, 0x0000000709e00000| Untracked 
|  11|0x0000000709f00000, 0x0000000709f00000, 0x000000070a000000|  0%| F|  |TAMS 0x0000000709f00000, 0x0000000709f00000| Untracked 
|  12|0x000000070a000000, 0x000000070a000000, 0x000000070a100000|  0%| F|  |TAMS 0x000000070a000000, 0x000000070a000000| Untracked 
|  13|0x000000070a100000, 0x000000070a100000, 0x000000070a200000|  0%| F|  |TAMS 0x000000070a100000, 0x000000070a100000| Untracked 
|  14|0x000000070a200000, 0x000000070a200000, 0x000000070a300000|  0%| F|  |TAMS 0x000000070a200000, 0x000000070a200000| Untracked 
|  15|0x000000070a300000, 0x000000070a300000, 0x000000070a400000|  0%| F|  |TAMS 0x000000070a300000, 0x000000070a300000| Untracked 
|  16|0x000000070a400000, 0x000000070a400000, 0x000000070a500000|  0%| F|  |TAMS 0x000000070a400000, 0x000000070a400000| Untracked 
|  17|0x000000070a500000, 0x000000070a500000, 0x000000070a600000|  0%| F|  |TAMS 0x000000070a500000, 0x000000070a500000| Untracked 
|  18|0x000000070a600000, 0x000000070a600000, 0x000000070a700000|  0%| F|  |TAMS 0x000000070a600000, 0x000000070a600000| Untracked 
|  19|0x000000070a700000, 0x000000070a700000, 0x000000070a800000|  0%| F|  |TAMS 0x000000070a700000, 0x000000070a700000| Untracked 
|  20|0x000000070a800000, 0x000000070a800000, 0x000000070a900000|  0%| F|  |TAMS 0x000000070a800000, 0x000000070a800000| Untracked 
|  21|0x000000070a900000, 0x000000070a900000, 0x000000070aa00000|  0%| F|  |TAMS 0x000000070a900000, 0x000000070a900000| Untracked 
|  22|0x000000070aa00000, 0x000000070aa00000, 0x000000070ab00000|  0%| F|  |TAMS 0x000000070aa00000, 0x000000070aa00000| Untracked 
|  23|0x000000070ab00000, 0x000000070ab00000, 0x000000070ac00000|  0%| F|  |TAMS 0x000000070ab00000, 0x000000070ab00000| Untracked 
|  24|0x000000070ac00000, 0x000000070ac00000, 0x000000070ad00000|  0%| F|  |TAMS 0x000000070ac00000, 0x000000070ac00000| Untracked 
|  25|0x000000070ad00000, 0x000000070ad00000, 0x000000070ae00000|  0%| F|  |TAMS 0x000000070ad00000, 0x000000070ad00000| Untracked 
|  26|0x000000070ae00000, 0x000000070ae00000, 0x000000070af00000|  0%| F|  |TAMS 0x000000070ae00000, 0x000000070ae00000| Untracked 
|  27|0x000000070af00000, 0x000000070af00000, 0x000000070b000000|  0%| F|  |TAMS 0x000000070af00000, 0x000000070af00000| Untracked 
|  28|0x000000070b000000, 0x000000070b000000, 0x000000070b100000|  0%| F|  |TAMS 0x000000070b000000, 0x000000070b000000| Untracked 
|  29|0x000000070b100000, 0x000000070b100000, 0x000000070b200000|  0%| F|  |TAMS 0x000000070b100000, 0x000000070b100000| Untracked 
|  30|0x000000070b200000, 0x000000070b200000, 0x000000070b300000|  0%| F|  |TAMS 0x000000070b200000, 0x000000070b200000| Untracked 
|  31|0x000000070b300000, 0x000000070b300000, 0x000000070b400000|  0%| F|  |TAMS 0x000000070b300000, 0x000000070b300000| Untracked 
|  32|0x000000070b400000, 0x000000070b400000, 0x000000070b500000|  0%| F|  |TAMS 0x000000070b400000, 0x000000070b400000| Untracked 
|  33|0x000000070b500000, 0x000000070b500000, 0x000000070b600000|  0%| F|  |TAMS 0x000000070b500000, 0x000000070b500000| Untracked 
|  34|0x000000070b600000, 0x000000070b600000, 0x000000070b700000|  0%| F|  |TAMS 0x000000070b600000, 0x000000070b600000| Untracked 
|  35|0x000000070b700000, 0x000000070b700000, 0x000000070b800000|  0%| F|  |TAMS 0x000000070b700000, 0x000000070b700000| Untracked 
|  36|0x000000070b800000, 0x000000070b800000, 0x000000070b900000|  0%| F|  |TAMS 0x000000070b800000, 0x000000070b800000| Untracked 
|  37|0x000000070b900000, 0x000000070b900000, 0x000000070ba00000|  0%| F|  |TAMS 0x000000070b900000, 0x000000070b900000| Untracked 
|  38|0x000000070ba00000, 0x000000070ba00000, 0x000000070bb00000|  0%| F|  |TAMS 0x000000070ba00000, 0x000000070ba00000| Untracked 
|  39|0x000000070bb00000, 0x000000070bb00000, 0x000000070bc00000|  0%| F|  |TAMS 0x000000070bb00000, 0x000000070bb00000| Untracked 
|  40|0x000000070bc00000, 0x000000070bc00000, 0x000000070bd00000|  0%| F|  |TAMS 0x000000070bc00000, 0x000000070bc00000| Untracked 
|  41|0x000000070bd00000, 0x000000070bd00000, 0x000000070be00000|  0%| F|  |TAMS 0x000000070bd00000, 0x000000070bd00000| Untracked 
|  42|0x000000070be00000, 0x000000070be00000, 0x000000070bf00000|  0%| F|  |TAMS 0x000000070be00000, 0x000000070be00000| Untracked 
|  43|0x000000070bf00000, 0x000000070bf00000, 0x000000070c000000|  0%| F|  |TAMS 0x000000070bf00000, 0x000000070bf00000| Untracked 
|  44|0x000000070c000000, 0x000000070c000000, 0x000000070c100000|  0%| F|  |TAMS 0x000000070c000000, 0x000000070c000000| Untracked 
|  45|0x000000070c100000, 0x000000070c100000, 0x000000070c200000|  0%| F|  |TAMS 0x000000070c100000, 0x000000070c100000| Untracked 
|  46|0x000000070c200000, 0x000000070c200000, 0x000000070c300000|  0%| F|  |TAMS 0x000000070c200000, 0x000000070c200000| Untracked 
|  47|0x000000070c300000, 0x000000070c300000, 0x000000070c400000|  0%| F|  |TAMS 0x000000070c300000, 0x000000070c300000| Untracked 
|  48|0x000000070c400000, 0x000000070c400000, 0x000000070c500000|  0%| F|  |TAMS 0x000000070c400000, 0x000000070c400000| Untracked 
|  49|0x000000070c500000, 0x000000070c500000, 0x000000070c600000|  0%| F|  |TAMS 0x000000070c500000, 0x000000070c500000| Untracked 
|  50|0x000000070c600000, 0x000000070c600000, 0x000000070c700000|  0%| F|  |TAMS 0x000000070c600000, 0x000000070c600000| Untracked 
|  51|0x000000070c700000, 0x000000070c700000, 0x000000070c800000|  0%| F|  |TAMS 0x000000070c700000, 0x000000070c700000| Untracked 
|  52|0x000000070c800000, 0x000000070c800000, 0x000000070c900000|  0%| F|  |TAMS 0x000000070c800000, 0x000000070c800000| Untracked 
|  53|0x000000070c900000, 0x000000070c900000, 0x000000070ca00000|  0%| F|  |TAMS 0x000000070c900000, 0x000000070c900000| Untracked 
|  54|0x000000070ca00000, 0x000000070ca00000, 0x000000070cb00000|  0%| F|  |TAMS 0x000000070ca00000, 0x000000070ca00000| Untracked 
|  55|0x000000070cb00000, 0x000000070cb00000, 0x000000070cc00000|  0%| F|  |TAMS 0x000000070cb00000, 0x000000070cb00000| Untracked 
|  56|0x000000070cc00000, 0x000000070cc00000, 0x000000070cd00000|  0%| F|  |TAMS 0x000000070cc00000, 0x000000070cc00000| Untracked 
|  57|0x000000070cd00000, 0x000000070cd00000, 0x000000070ce00000|  0%| F|  |TAMS 0x000000070cd00000, 0x000000070cd00000| Untracked 
|  58|0x000000070ce00000, 0x000000070ce00000, 0x000000070cf00000|  0%| F|  |TAMS 0x000000070ce00000, 0x000000070ce00000| Untracked 
|  59|0x000000070cf00000, 0x000000070cf00000, 0x000000070d000000|  0%| F|  |TAMS 0x000000070cf00000, 0x000000070cf00000| Untracked 
|  60|0x000000070d000000, 0x000000070d000000, 0x000000070d100000|  0%| F|  |TAMS 0x000000070d000000, 0x000000070d000000| Untracked 
|  61|0x000000070d100000, 0x000000070d100000, 0x000000070d200000|  0%| F|  |TAMS 0x000000070d100000, 0x000000070d100000| Untracked 
|  62|0x000000070d200000, 0x000000070d200000, 0x000000070d300000|  0%| F|  |TAMS 0x000000070d200000, 0x000000070d200000| Untracked 
|  63|0x000000070d300000, 0x000000070d300000, 0x000000070d400000|  0%| F|  |TAMS 0x000000070d300000, 0x000000070d300000| Untracked 
|  64|0x000000070d400000, 0x000000070d400000, 0x000000070d500000|  0%| F|  |TAMS 0x000000070d400000, 0x000000070d400000| Untracked 
|  65|0x000000070d500000, 0x000000070d500000, 0x000000070d600000|  0%| F|  |TAMS 0x000000070d500000, 0x000000070d500000| Untracked 
|  66|0x000000070d600000, 0x000000070d600000, 0x000000070d700000|  0%| F|  |TAMS 0x000000070d600000, 0x000000070d600000| Untracked 
|  67|0x000000070d700000, 0x000000070d700000, 0x000000070d800000|  0%| F|  |TAMS 0x000000070d700000, 0x000000070d700000| Untracked 
|  68|0x000000070d800000, 0x000000070d800000, 0x000000070d900000|  0%| F|  |TAMS 0x000000070d800000, 0x000000070d800000| Untracked 
|  69|0x000000070d900000, 0x000000070d900000, 0x000000070da00000|  0%| F|  |TAMS 0x000000070d900000, 0x000000070d900000| Untracked 
|  70|0x000000070da00000, 0x000000070da00000, 0x000000070db00000|  0%| F|  |TAMS 0x000000070da00000, 0x000000070da00000| Untracked 
|  71|0x000000070db00000, 0x000000070db00000, 0x000000070dc00000|  0%| F|  |TAMS 0x000000070db00000, 0x000000070db00000| Untracked 
|  72|0x000000070dc00000, 0x000000070dc00000, 0x000000070dd00000|  0%| F|  |TAMS 0x000000070dc00000, 0x000000070dc00000| Untracked 
|  73|0x000000070dd00000, 0x000000070dd00000, 0x000000070de00000|  0%| F|  |TAMS 0x000000070dd00000, 0x000000070dd00000| Untracked 
|  74|0x000000070de00000, 0x000000070de00000, 0x000000070df00000|  0%| F|  |TAMS 0x000000070de00000, 0x000000070de00000| Untracked 
|  75|0x000000070df00000, 0x000000070df00000, 0x000000070e000000|  0%| F|  |TAMS 0x000000070df00000, 0x000000070df00000| Untracked 
|  76|0x000000070e000000, 0x000000070e000000, 0x000000070e100000|  0%| F|  |TAMS 0x000000070e000000, 0x000000070e000000| Untracked 
|  77|0x000000070e100000, 0x000000070e100000, 0x000000070e200000|  0%| F|  |TAMS 0x000000070e100000, 0x000000070e100000| Untracked 
|  78|0x000000070e200000, 0x000000070e200000, 0x000000070e300000|  0%| F|  |TAMS 0x000000070e200000, 0x000000070e200000| Untracked 
|  79|0x000000070e300000, 0x000000070e300000, 0x000000070e400000|  0%| F|  |TAMS 0x000000070e300000, 0x000000070e300000| Untracked 
|  80|0x000000070e400000, 0x000000070e400000, 0x000000070e500000|  0%| F|  |TAMS 0x000000070e400000, 0x000000070e400000| Untracked 
|  81|0x000000070e500000, 0x000000070e500000, 0x000000070e600000|  0%| F|  |TAMS 0x000000070e500000, 0x000000070e500000| Untracked 
|  82|0x000000070e600000, 0x000000070e600000, 0x000000070e700000|  0%| F|  |TAMS 0x000000070e600000, 0x000000070e600000| Untracked 
|  83|0x000000070e700000, 0x000000070e700000, 0x000000070e800000|  0%| F|  |TAMS 0x000000070e700000, 0x000000070e700000| Untracked 
|  84|0x000000070e800000, 0x000000070e800000, 0x000000070e900000|  0%| F|  |TAMS 0x000000070e800000, 0x000000070e800000| Untracked 
|  85|0x000000070e900000, 0x000000070e900000, 0x000000070ea00000|  0%| F|  |TAMS 0x000000070e900000, 0x000000070e900000| Untracked 
|  86|0x000000070ea00000, 0x000000070ea00000, 0x000000070eb00000|  0%| F|  |TAMS 0x000000070ea00000, 0x000000070ea00000| Untracked 
|  87|0x000000070eb00000, 0x000000070eb00000, 0x000000070ec00000|  0%| F|  |TAMS 0x000000070eb00000, 0x000000070eb00000| Untracked 
|  88|0x000000070ec00000, 0x000000070ec00000, 0x000000070ed00000|  0%| F|  |TAMS 0x000000070ec00000, 0x000000070ec00000| Untracked 
|  89|0x000000070ed00000, 0x000000070ed00000, 0x000000070ee00000|  0%| F|  |TAMS 0x000000070ed00000, 0x000000070ed00000| Untracked 
|  90|0x000000070ee00000, 0x000000070ee00000, 0x000000070ef00000|  0%| F|  |TAMS 0x000000070ee00000, 0x000000070ee00000| Untracked 
|  91|0x000000070ef00000, 0x000000070ef00000, 0x000000070f000000|  0%| F|  |TAMS 0x000000070ef00000, 0x000000070ef00000| Untracked 
|  92|0x000000070f000000, 0x000000070f000000, 0x000000070f100000|  0%| F|  |TAMS 0x000000070f000000, 0x000000070f000000| Untracked 
|  93|0x000000070f100000, 0x000000070f100000, 0x000000070f200000|  0%| F|  |TAMS 0x000000070f100000, 0x000000070f100000| Untracked 
|  94|0x000000070f200000, 0x000000070f200000, 0x000000070f300000|  0%| F|  |TAMS 0x000000070f200000, 0x000000070f200000| Untracked 
|  95|0x000000070f300000, 0x000000070f300000, 0x000000070f400000|  0%| F|  |TAMS 0x000000070f300000, 0x000000070f300000| Untracked 
|  96|0x000000070f400000, 0x000000070f400000, 0x000000070f500000|  0%| F|  |TAMS 0x000000070f400000, 0x000000070f400000| Untracked 
|  97|0x000000070f500000, 0x000000070f500000, 0x000000070f600000|  0%| F|  |TAMS 0x000000070f500000, 0x000000070f500000| Untracked 
|  98|0x000000070f600000, 0x000000070f600000, 0x000000070f700000|  0%| F|  |TAMS 0x000000070f600000, 0x000000070f600000| Untracked 
|  99|0x000000070f700000, 0x000000070f700000, 0x000000070f800000|  0%| F|  |TAMS 0x000000070f700000, 0x000000070f700000| Untracked 
| 100|0x000000070f800000, 0x000000070f800000, 0x000000070f900000|  0%| F|  |TAMS 0x000000070f800000, 0x000000070f800000| Untracked 
| 101|0x000000070f900000, 0x000000070f900000, 0x000000070fa00000|  0%| F|  |TAMS 0x000000070f900000, 0x000000070f900000| Untracked 
| 102|0x000000070fa00000, 0x000000070fa00000, 0x000000070fb00000|  0%| F|  |TAMS 0x000000070fa00000, 0x000000070fa00000| Untracked 
| 103|0x000000070fb00000, 0x000000070fb00000, 0x000000070fc00000|  0%| F|  |TAMS 0x000000070fb00000, 0x000000070fb00000| Untracked 
| 104|0x000000070fc00000, 0x000000070fc00000, 0x000000070fd00000|  0%| F|  |TAMS 0x000000070fc00000, 0x000000070fc00000| Untracked 
| 105|0x000000070fd00000, 0x000000070fd00000, 0x000000070fe00000|  0%| F|  |TAMS 0x000000070fd00000, 0x000000070fd00000| Untracked 
| 106|0x000000070fe00000, 0x000000070fe00000, 0x000000070ff00000|  0%| F|  |TAMS 0x000000070fe00000, 0x000000070fe00000| Untracked 
| 107|0x000000070ff00000, 0x000000070ff00000, 0x0000000710000000|  0%| F|  |TAMS 0x000000070ff00000, 0x000000070ff00000| Untracked 
| 108|0x0000000710000000, 0x0000000710000000, 0x0000000710100000|  0%| F|  |TAMS 0x0000000710000000, 0x0000000710000000| Untracked 
| 109|0x0000000710100000, 0x0000000710100000, 0x0000000710200000|  0%| F|  |TAMS 0x0000000710100000, 0x0000000710100000| Untracked 
| 110|0x0000000710200000, 0x0000000710200000, 0x0000000710300000|  0%| F|  |TAMS 0x0000000710200000, 0x0000000710200000| Untracked 
| 111|0x0000000710300000, 0x0000000710300000, 0x0000000710400000|  0%| F|  |TAMS 0x0000000710300000, 0x0000000710300000| Untracked 
| 112|0x0000000710400000, 0x0000000710400000, 0x0000000710500000|  0%| F|  |TAMS 0x0000000710400000, 0x0000000710400000| Untracked 
| 113|0x0000000710500000, 0x0000000710500000, 0x0000000710600000|  0%| F|  |TAMS 0x0000000710500000, 0x0000000710500000| Untracked 
| 114|0x0000000710600000, 0x0000000710600000, 0x0000000710700000|  0%| F|  |TAMS 0x0000000710600000, 0x0000000710600000| Untracked 
| 115|0x0000000710700000, 0x0000000710700000, 0x0000000710800000|  0%| F|  |TAMS 0x0000000710700000, 0x0000000710700000| Untracked 
| 116|0x0000000710800000, 0x0000000710800000, 0x0000000710900000|  0%| F|  |TAMS 0x0000000710800000, 0x0000000710800000| Untracked 
| 117|0x0000000710900000, 0x0000000710900000, 0x0000000710a00000|  0%| F|  |TAMS 0x0000000710900000, 0x0000000710900000| Untracked 
| 118|0x0000000710a00000, 0x0000000710a00000, 0x0000000710b00000|  0%| F|  |TAMS 0x0000000710a00000, 0x0000000710a00000| Untracked 
| 119|0x0000000710b00000, 0x0000000710b00000, 0x0000000710c00000|  0%| F|  |TAMS 0x0000000710b00000, 0x0000000710b00000| Untracked 
| 120|0x0000000710c00000, 0x0000000710c00000, 0x0000000710d00000|  0%| F|  |TAMS 0x0000000710c00000, 0x0000000710c00000| Untracked 
| 121|0x0000000710d00000, 0x0000000710d00000, 0x0000000710e00000|  0%| F|  |TAMS 0x0000000710d00000, 0x0000000710d00000| Untracked 
| 122|0x0000000710e00000, 0x0000000710e00000, 0x0000000710f00000|  0%| F|  |TAMS 0x0000000710e00000, 0x0000000710e00000| Untracked 
| 123|0x0000000710f00000, 0x0000000710f00000, 0x0000000711000000|  0%| F|  |TAMS 0x0000000710f00000, 0x0000000710f00000| Untracked 
| 124|0x0000000711000000, 0x0000000711000000, 0x0000000711100000|  0%| F|  |TAMS 0x0000000711000000, 0x0000000711000000| Untracked 
| 125|0x0000000711100000, 0x0000000711100000, 0x0000000711200000|  0%| F|  |TAMS 0x0000000711100000, 0x0000000711100000| Untracked 
| 126|0x0000000711200000, 0x0000000711200000, 0x0000000711300000|  0%| F|  |TAMS 0x0000000711200000, 0x0000000711200000| Untracked 
| 127|0x0000000711300000, 0x0000000711300000, 0x0000000711400000|  0%| F|  |TAMS 0x0000000711300000, 0x0000000711300000| Untracked 
| 128|0x0000000711400000, 0x0000000711400000, 0x0000000711500000|  0%| F|  |TAMS 0x0000000711400000, 0x0000000711400000| Untracked 
| 129|0x0000000711500000, 0x0000000711500000, 0x0000000711600000|  0%| F|  |TAMS 0x0000000711500000, 0x0000000711500000| Untracked 
| 130|0x0000000711600000, 0x0000000711600000, 0x0000000711700000|  0%| F|  |TAMS 0x0000000711600000, 0x0000000711600000| Untracked 
| 131|0x0000000711700000, 0x0000000711700000, 0x0000000711800000|  0%| F|  |TAMS 0x0000000711700000, 0x0000000711700000| Untracked 
| 132|0x0000000711800000, 0x0000000711800000, 0x0000000711900000|  0%| F|  |TAMS 0x0000000711800000, 0x0000000711800000| Untracked 
| 133|0x0000000711900000, 0x0000000711900000, 0x0000000711a00000|  0%| F|  |TAMS 0x0000000711900000, 0x0000000711900000| Untracked 
| 134|0x0000000711a00000, 0x0000000711a00000, 0x0000000711b00000|  0%| F|  |TAMS 0x0000000711a00000, 0x0000000711a00000| Untracked 
| 135|0x0000000711b00000, 0x0000000711b00000, 0x0000000711c00000|  0%| F|  |TAMS 0x0000000711b00000, 0x0000000711b00000| Untracked 
| 136|0x0000000711c00000, 0x0000000711c00000, 0x0000000711d00000|  0%| F|  |TAMS 0x0000000711c00000, 0x0000000711c00000| Untracked 
| 137|0x0000000711d00000, 0x0000000711d00000, 0x0000000711e00000|  0%| F|  |TAMS 0x0000000711d00000, 0x0000000711d00000| Untracked 
| 138|0x0000000711e00000, 0x0000000711e00000, 0x0000000711f00000|  0%| F|  |TAMS 0x0000000711e00000, 0x0000000711e00000| Untracked 
| 139|0x0000000711f00000, 0x0000000711f00000, 0x0000000712000000|  0%| F|  |TAMS 0x0000000711f00000, 0x0000000711f00000| Untracked 
| 140|0x0000000712000000, 0x0000000712000000, 0x0000000712100000|  0%| F|  |TAMS 0x0000000712000000, 0x0000000712000000| Untracked 
| 141|0x0000000712100000, 0x0000000712100000, 0x0000000712200000|  0%| F|  |TAMS 0x0000000712100000, 0x0000000712100000| Untracked 
| 142|0x0000000712200000, 0x0000000712200000, 0x0000000712300000|  0%| F|  |TAMS 0x0000000712200000, 0x0000000712200000| Untracked 
| 143|0x0000000712300000, 0x0000000712300000, 0x0000000712400000|  0%| F|  |TAMS 0x0000000712300000, 0x0000000712300000| Untracked 
| 144|0x0000000712400000, 0x0000000712400000, 0x0000000712500000|  0%| F|  |TAMS 0x0000000712400000, 0x0000000712400000| Untracked 
| 145|0x0000000712500000, 0x0000000712500000, 0x0000000712600000|  0%| F|  |TAMS 0x0000000712500000, 0x0000000712500000| Untracked 
| 146|0x0000000712600000, 0x0000000712600000, 0x0000000712700000|  0%| F|  |TAMS 0x0000000712600000, 0x0000000712600000| Untracked 
| 147|0x0000000712700000, 0x0000000712700000, 0x0000000712800000|  0%| F|  |TAMS 0x0000000712700000, 0x0000000712700000| Untracked 
| 148|0x0000000712800000, 0x0000000712800000, 0x0000000712900000|  0%| F|  |TAMS 0x0000000712800000, 0x0000000712800000| Untracked 
| 149|0x0000000712900000, 0x0000000712900000, 0x0000000712a00000|  0%| F|  |TAMS 0x0000000712900000, 0x0000000712900000| Untracked 
| 150|0x0000000712a00000, 0x0000000712a00000, 0x0000000712b00000|  0%| F|  |TAMS 0x0000000712a00000, 0x0000000712a00000| Untracked 
| 151|0x0000000712b00000, 0x0000000712b00000, 0x0000000712c00000|  0%| F|  |TAMS 0x0000000712b00000, 0x0000000712b00000| Untracked 
| 152|0x0000000712c00000, 0x0000000712c00000, 0x0000000712d00000|  0%| F|  |TAMS 0x0000000712c00000, 0x0000000712c00000| Untracked 
| 153|0x0000000712d00000, 0x0000000712d00000, 0x0000000712e00000|  0%| F|  |TAMS 0x0000000712d00000, 0x0000000712d00000| Untracked 
| 154|0x0000000712e00000, 0x0000000712e00000, 0x0000000712f00000|  0%| F|  |TAMS 0x0000000712e00000, 0x0000000712e00000| Untracked 
| 155|0x0000000712f00000, 0x0000000712f00000, 0x0000000713000000|  0%| F|  |TAMS 0x0000000712f00000, 0x0000000712f00000| Untracked 
| 156|0x0000000713000000, 0x0000000713000000, 0x0000000713100000|  0%| F|  |TAMS 0x0000000713000000, 0x0000000713000000| Untracked 
| 157|0x0000000713100000, 0x0000000713100000, 0x0000000713200000|  0%| F|  |TAMS 0x0000000713100000, 0x0000000713100000| Untracked 
| 158|0x0000000713200000, 0x0000000713200000, 0x0000000713300000|  0%| F|  |TAMS 0x0000000713200000, 0x0000000713200000| Untracked 
| 159|0x0000000713300000, 0x0000000713300000, 0x0000000713400000|  0%| F|  |TAMS 0x0000000713300000, 0x0000000713300000| Untracked 
| 160|0x0000000713400000, 0x0000000713400000, 0x0000000713500000|  0%| F|  |TAMS 0x0000000713400000, 0x0000000713400000| Untracked 
| 161|0x0000000713500000, 0x0000000713500000, 0x0000000713600000|  0%| F|  |TAMS 0x0000000713500000, 0x0000000713500000| Untracked 
| 162|0x0000000713600000, 0x0000000713600000, 0x0000000713700000|  0%| F|  |TAMS 0x0000000713600000, 0x0000000713600000| Untracked 
| 163|0x0000000713700000, 0x0000000713700000, 0x0000000713800000|  0%| F|  |TAMS 0x0000000713700000, 0x0000000713700000| Untracked 
| 164|0x0000000713800000, 0x0000000713800000, 0x0000000713900000|  0%| F|  |TAMS 0x0000000713800000, 0x0000000713800000| Untracked 
| 165|0x0000000713900000, 0x0000000713900000, 0x0000000713a00000|  0%| F|  |TAMS 0x0000000713900000, 0x0000000713900000| Untracked 
| 166|0x0000000713a00000, 0x0000000713a00000, 0x0000000713b00000|  0%| F|  |TAMS 0x0000000713a00000, 0x0000000713a00000| Untracked 
| 167|0x0000000713b00000, 0x0000000713b00000, 0x0000000713c00000|  0%| F|  |TAMS 0x0000000713b00000, 0x0000000713b00000| Untracked 
| 168|0x0000000713c00000, 0x0000000713c00000, 0x0000000713d00000|  0%| F|  |TAMS 0x0000000713c00000, 0x0000000713c00000| Untracked 
| 169|0x0000000713d00000, 0x0000000713d00000, 0x0000000713e00000|  0%| F|  |TAMS 0x0000000713d00000, 0x0000000713d00000| Untracked 
| 170|0x0000000713e00000, 0x0000000713e00000, 0x0000000713f00000|  0%| F|  |TAMS 0x0000000713e00000, 0x0000000713e00000| Untracked 
| 171|0x0000000713f00000, 0x0000000713f00000, 0x0000000714000000|  0%| F|  |TAMS 0x0000000713f00000, 0x0000000713f00000| Untracked 
| 172|0x0000000714000000, 0x0000000714000000, 0x0000000714100000|  0%| F|  |TAMS 0x0000000714000000, 0x0000000714000000| Untracked 
| 173|0x0000000714100000, 0x0000000714100000, 0x0000000714200000|  0%| F|  |TAMS 0x0000000714100000, 0x0000000714100000| Untracked 
| 174|0x0000000714200000, 0x0000000714200000, 0x0000000714300000|  0%| F|  |TAMS 0x0000000714200000, 0x0000000714200000| Untracked 
| 175|0x0000000714300000, 0x0000000714300000, 0x0000000714400000|  0%| F|  |TAMS 0x0000000714300000, 0x0000000714300000| Untracked 
| 176|0x0000000714400000, 0x0000000714400000, 0x0000000714500000|  0%| F|  |TAMS 0x0000000714400000, 0x0000000714400000| Untracked 
| 177|0x0000000714500000, 0x0000000714500000, 0x0000000714600000|  0%| F|  |TAMS 0x0000000714500000, 0x0000000714500000| Untracked 
| 178|0x0000000714600000, 0x0000000714600000, 0x0000000714700000|  0%| F|  |TAMS 0x0000000714600000, 0x0000000714600000| Untracked 
| 179|0x0000000714700000, 0x0000000714700000, 0x0000000714800000|  0%| F|  |TAMS 0x0000000714700000, 0x0000000714700000| Untracked 
| 180|0x0000000714800000, 0x0000000714800000, 0x0000000714900000|  0%| F|  |TAMS 0x0000000714800000, 0x0000000714800000| Untracked 
| 181|0x0000000714900000, 0x0000000714900000, 0x0000000714a00000|  0%| F|  |TAMS 0x0000000714900000, 0x0000000714900000| Untracked 
| 182|0x0000000714a00000, 0x0000000714a00000, 0x0000000714b00000|  0%| F|  |TAMS 0x0000000714a00000, 0x0000000714a00000| Untracked 
| 183|0x0000000714b00000, 0x0000000714b00000, 0x0000000714c00000|  0%| F|  |TAMS 0x0000000714b00000, 0x0000000714b00000| Untracked 
| 184|0x0000000714c00000, 0x0000000714c00000, 0x0000000714d00000|  0%| F|  |TAMS 0x0000000714c00000, 0x0000000714c00000| Untracked 
| 185|0x0000000714d00000, 0x0000000714d00000, 0x0000000714e00000|  0%| F|  |TAMS 0x0000000714d00000, 0x0000000714d00000| Untracked 
| 186|0x0000000714e00000, 0x0000000714e00000, 0x0000000714f00000|  0%| F|  |TAMS 0x0000000714e00000, 0x0000000714e00000| Untracked 
| 187|0x0000000714f00000, 0x0000000714f00000, 0x0000000715000000|  0%| F|  |TAMS 0x0000000714f00000, 0x0000000714f00000| Untracked 
| 188|0x0000000715000000, 0x0000000715000000, 0x0000000715100000|  0%| F|  |TAMS 0x0000000715000000, 0x0000000715000000| Untracked 
| 189|0x0000000715100000, 0x0000000715100000, 0x0000000715200000|  0%| F|  |TAMS 0x0000000715100000, 0x0000000715100000| Untracked 
| 190|0x0000000715200000, 0x0000000715200000, 0x0000000715300000|  0%| F|  |TAMS 0x0000000715200000, 0x0000000715200000| Untracked 
| 191|0x0000000715300000, 0x0000000715300000, 0x0000000715400000|  0%| F|  |TAMS 0x0000000715300000, 0x0000000715300000| Untracked 
| 192|0x0000000715400000, 0x0000000715400000, 0x0000000715500000|  0%| F|  |TAMS 0x0000000715400000, 0x0000000715400000| Untracked 
| 193|0x0000000715500000, 0x0000000715500000, 0x0000000715600000|  0%| F|  |TAMS 0x0000000715500000, 0x0000000715500000| Untracked 
| 194|0x0000000715600000, 0x0000000715600000, 0x0000000715700000|  0%| F|  |TAMS 0x0000000715600000, 0x0000000715600000| Untracked 
| 195|0x0000000715700000, 0x0000000715700000, 0x0000000715800000|  0%| F|  |TAMS 0x0000000715700000, 0x0000000715700000| Untracked 
| 196|0x0000000715800000, 0x0000000715800000, 0x0000000715900000|  0%| F|  |TAMS 0x0000000715800000, 0x0000000715800000| Untracked 
| 197|0x0000000715900000, 0x0000000715900000, 0x0000000715a00000|  0%| F|  |TAMS 0x0000000715900000, 0x0000000715900000| Untracked 
| 198|0x0000000715a00000, 0x0000000715a00000, 0x0000000715b00000|  0%| F|  |TAMS 0x0000000715a00000, 0x0000000715a00000| Untracked 
| 199|0x0000000715b00000, 0x0000000715b00000, 0x0000000715c00000|  0%| F|  |TAMS 0x0000000715b00000, 0x0000000715b00000| Untracked 
| 200|0x0000000715c00000, 0x0000000715c00000, 0x0000000715d00000|  0%| F|  |TAMS 0x0000000715c00000, 0x0000000715c00000| Untracked 
| 201|0x0000000715d00000, 0x0000000715d00000, 0x0000000715e00000|  0%| F|  |TAMS 0x0000000715d00000, 0x0000000715d00000| Untracked 
| 202|0x0000000715e00000, 0x0000000715e00000, 0x0000000715f00000|  0%| F|  |TAMS 0x0000000715e00000, 0x0000000715e00000| Untracked 
| 203|0x0000000715f00000, 0x0000000715f00000, 0x0000000716000000|  0%| F|  |TAMS 0x0000000715f00000, 0x0000000715f00000| Untracked 
| 204|0x0000000716000000, 0x0000000716000000, 0x0000000716100000|  0%| F|  |TAMS 0x0000000716000000, 0x0000000716000000| Untracked 
| 205|0x0000000716100000, 0x0000000716100000, 0x0000000716200000|  0%| F|  |TAMS 0x0000000716100000, 0x0000000716100000| Untracked 
| 206|0x0000000716200000, 0x0000000716200000, 0x0000000716300000|  0%| F|  |TAMS 0x0000000716200000, 0x0000000716200000| Untracked 
| 207|0x0000000716300000, 0x0000000716300000, 0x0000000716400000|  0%| F|  |TAMS 0x0000000716300000, 0x0000000716300000| Untracked 
| 208|0x0000000716400000, 0x0000000716400000, 0x0000000716500000|  0%| F|  |TAMS 0x0000000716400000, 0x0000000716400000| Untracked 
| 209|0x0000000716500000, 0x0000000716500000, 0x0000000716600000|  0%| F|  |TAMS 0x0000000716500000, 0x0000000716500000| Untracked 
| 210|0x0000000716600000, 0x0000000716600000, 0x0000000716700000|  0%| F|  |TAMS 0x0000000716600000, 0x0000000716600000| Untracked 
| 211|0x0000000716700000, 0x0000000716700000, 0x0000000716800000|  0%| F|  |TAMS 0x0000000716700000, 0x0000000716700000| Untracked 
| 212|0x0000000716800000, 0x0000000716800000, 0x0000000716900000|  0%| F|  |TAMS 0x0000000716800000, 0x0000000716800000| Untracked 
| 213|0x0000000716900000, 0x0000000716900000, 0x0000000716a00000|  0%| F|  |TAMS 0x0000000716900000, 0x0000000716900000| Untracked 
| 214|0x0000000716a00000, 0x0000000716a00000, 0x0000000716b00000|  0%| F|  |TAMS 0x0000000716a00000, 0x0000000716a00000| Untracked 
| 215|0x0000000716b00000, 0x0000000716b00000, 0x0000000716c00000|  0%| F|  |TAMS 0x0000000716b00000, 0x0000000716b00000| Untracked 
| 216|0x0000000716c00000, 0x0000000716c00000, 0x0000000716d00000|  0%| F|  |TAMS 0x0000000716c00000, 0x0000000716c00000| Untracked 
| 217|0x0000000716d00000, 0x0000000716d00000, 0x0000000716e00000|  0%| F|  |TAMS 0x0000000716d00000, 0x0000000716d00000| Untracked 
| 218|0x0000000716e00000, 0x0000000716e00000, 0x0000000716f00000|  0%| F|  |TAMS 0x0000000716e00000, 0x0000000716e00000| Untracked 
| 219|0x0000000716f00000, 0x0000000716f00000, 0x0000000717000000|  0%| F|  |TAMS 0x0000000716f00000, 0x0000000716f00000| Untracked 
| 220|0x0000000717000000, 0x0000000717000000, 0x0000000717100000|  0%| F|  |TAMS 0x0000000717000000, 0x0000000717000000| Untracked 
| 221|0x0000000717100000, 0x0000000717100000, 0x0000000717200000|  0%| F|  |TAMS 0x0000000717100000, 0x0000000717100000| Untracked 
| 222|0x0000000717200000, 0x0000000717200000, 0x0000000717300000|  0%| F|  |TAMS 0x0000000717200000, 0x0000000717200000| Untracked 
| 223|0x0000000717300000, 0x0000000717300000, 0x0000000717400000|  0%| F|  |TAMS 0x0000000717300000, 0x0000000717300000| Untracked 
| 224|0x0000000717400000, 0x0000000717400000, 0x0000000717500000|  0%| F|  |TAMS 0x0000000717400000, 0x0000000717400000| Untracked 
| 225|0x0000000717500000, 0x0000000717500000, 0x0000000717600000|  0%| F|  |TAMS 0x0000000717500000, 0x0000000717500000| Untracked 
| 226|0x0000000717600000, 0x0000000717600000, 0x0000000717700000|  0%| F|  |TAMS 0x0000000717600000, 0x0000000717600000| Untracked 
| 227|0x0000000717700000, 0x0000000717700000, 0x0000000717800000|  0%| F|  |TAMS 0x0000000717700000, 0x0000000717700000| Untracked 
| 228|0x0000000717800000, 0x0000000717800000, 0x0000000717900000|  0%| F|  |TAMS 0x0000000717800000, 0x0000000717800000| Untracked 
| 229|0x0000000717900000, 0x0000000717900000, 0x0000000717a00000|  0%| F|  |TAMS 0x0000000717900000, 0x0000000717900000| Untracked 
| 230|0x0000000717a00000, 0x0000000717a00000, 0x0000000717b00000|  0%| F|  |TAMS 0x0000000717a00000, 0x0000000717a00000| Untracked 
| 231|0x0000000717b00000, 0x0000000717b00000, 0x0000000717c00000|  0%| F|  |TAMS 0x0000000717b00000, 0x0000000717b00000| Untracked 
| 232|0x0000000717c00000, 0x0000000717c00000, 0x0000000717d00000|  0%| F|  |TAMS 0x0000000717c00000, 0x0000000717c00000| Untracked 
| 233|0x0000000717d00000, 0x0000000717d00000, 0x0000000717e00000|  0%| F|  |TAMS 0x0000000717d00000, 0x0000000717d00000| Untracked 
| 234|0x0000000717e00000, 0x0000000717ef64b8, 0x0000000717f00000| 96%| E|  |TAMS 0x0000000717e00000, 0x0000000717e00000| Complete 
| 235|0x0000000717f00000, 0x0000000718000000, 0x0000000718000000|100%| E|CS|TAMS 0x0000000717f00000, 0x0000000717f00000| Complete 
| 236|0x0000000718000000, 0x0000000718100000, 0x0000000718100000|100%| E|CS|TAMS 0x0000000718000000, 0x0000000718000000| Complete 
| 237|0x0000000718100000, 0x0000000718200000, 0x0000000718200000|100%| E|CS|TAMS 0x0000000718100000, 0x0000000718100000| Complete 
| 238|0x0000000718200000, 0x0000000718300000, 0x0000000718300000|100%| E|CS|TAMS 0x0000000718200000, 0x0000000718200000| Complete 
| 239|0x0000000718300000, 0x0000000718400000, 0x0000000718400000|100%| E|CS|TAMS 0x0000000718300000, 0x0000000718300000| Complete 
| 240|0x0000000718400000, 0x0000000718500000, 0x0000000718500000|100%| E|CS|TAMS 0x0000000718400000, 0x0000000718400000| Complete 
| 241|0x0000000718500000, 0x0000000718600000, 0x0000000718600000|100%| E|  |TAMS 0x0000000718500000, 0x0000000718500000| Complete 
| 242|0x0000000718600000, 0x0000000718700000, 0x0000000718700000|100%| E|CS|TAMS 0x0000000718600000, 0x0000000718600000| Complete 
| 243|0x0000000718700000, 0x0000000718800000, 0x0000000718800000|100%| E|CS|TAMS 0x0000000718700000, 0x0000000718700000| Complete 
| 244|0x0000000718800000, 0x0000000718900000, 0x0000000718900000|100%| E|CS|TAMS 0x0000000718800000, 0x0000000718800000| Complete 
| 245|0x0000000718900000, 0x0000000718a00000, 0x0000000718a00000|100%| E|CS|TAMS 0x0000000718900000, 0x0000000718900000| Complete 
| 246|0x0000000718a00000, 0x0000000718b00000, 0x0000000718b00000|100%| E|CS|TAMS 0x0000000718a00000, 0x0000000718a00000| Complete 
| 247|0x0000000718b00000, 0x0000000718c00000, 0x0000000718c00000|100%| E|CS|TAMS 0x0000000718b00000, 0x0000000718b00000| Complete 

Card table byte_map: [0x0000020318e60000,0x0000020319620000] _byte_map_base: 0x0000020315616000

Marking Bits (Prev, Next): (CMBitMap*) 0x0000020376abbe98, (CMBitMap*) 0x0000020376abbed0
 Prev Bits: [0x0000020319de0000, 0x000002031db90000)
 Next Bits: [0x000002031db90000, 0x0000020321940000)

Polling page: 0x0000020300000000

Metaspace:

Usage:
  Non-class:      9.21 MB capacity,     9.10 MB ( 99%) used,   104.31 KB (  1%) free+waste,     8.62 KB ( <1%) overhead. 
      Class:    942.00 KB capacity,   895.06 KB ( 95%) used,    43.62 KB (  5%) free+waste,     3.31 KB ( <1%) overhead. 
       Both:     10.13 MB capacity,     9.97 MB ( 98%) used,   147.94 KB (  1%) free+waste,    11.94 KB ( <1%) overhead. 

Virtual space:
  Non-class space:       10.00 MB reserved,       9.25 MB ( 92%) committed 
      Class space:        1.00 GB reserved,       1.00 MB ( <1%) committed 
             Both:        1.01 GB reserved,      10.25 MB ( <1%) committed 

Chunk freelists:
   Non-Class:  43.00 KB
       Class:  18.00 KB
        Both:  61.00 KB

MaxMetaspaceSize: 17179869184.00 GB
CompressedClassSpaceSize: 1.00 GB
Initial GC threshold: 20.80 MB
Current GC threshold: 20.80 MB
CDS: off

CodeHeap 'non-profiled nmethods': size=119168Kb used=220Kb max_used=220Kb free=118948Kb
 bounds [0x0000020310280000, 0x00000203104f0000, 0x00000203176e0000]
CodeHeap 'profiled nmethods': size=119168Kb used=1174Kb max_used=1174Kb free=117993Kb
 bounds [0x0000020308e20000, 0x0000020309090000, 0x0000020310280000]
CodeHeap 'non-nmethods': size=7424Kb used=1692Kb max_used=1703Kb free=5732Kb
 bounds [0x00000203086e0000, 0x0000020308950000, 0x0000020308e20000]
 total_blobs=1071 nmethods=690 adapters=293
 compilation: enabled
              stopped_count=0, restarted_count=0
 full_count=0

Compilation events (20 events):
Event: 0.538 Thread 0x000002032553f800  682       3       java.util.StringTokenizer::hasMoreTokens (29 bytes)
Event: 0.538 Thread 0x000002032535d000 nmethod 680 0x00000203102b4790 code [0x00000203102b4920, 0x00000203102b49b8]
Event: 0.538 Thread 0x000002032553f800 nmethod 682 0x0000020308f43290 code [0x0000020308f43440, 0x0000020308f435e8]
Event: 0.539 Thread 0x000002032554b000  683       4       java.lang.String::substring (58 bytes)
Event: 0.539 Thread 0x000002032535d000  684       4       java.util.StringTokenizer::scanToken (179 bytes)
Event: 0.545 Thread 0x000002032554b000 nmethod 683 0x00000203102b4a90 code [0x00000203102b4c40, 0x00000203102b51b8]
Event: 0.549 Thread 0x00000203255c6000 nmethod 661 0x00000203102b5490 code [0x00000203102b5660, 0x00000203102b6188]
Event: 0.550 Thread 0x000002032535d000 nmethod 684 0x00000203102b6810 code [0x00000203102b69c0, 0x00000203102b6d58]
Event: 0.553 Thread 0x00000203253d6000  685       3       java.nio.ByteBuffer::position (8 bytes)
Event: 0.554 Thread 0x00000203253d6000 nmethod 685 0x0000020308f43690 code [0x0000020308f43840, 0x0000020308f43988]
Event: 0.555 Thread 0x000002032553f800  686       3       java.lang.String::charAt (25 bytes)
Event: 0.556 Thread 0x000002032553f800 nmethod 686 0x0000020308f43a10 code [0x0000020308f43c20, 0x0000020308f44138]
Event: 0.556 Thread 0x00000203253d6000  687       3       java.util.Collections$UnmodifiableCollection$1::next (10 bytes)
Event: 0.556 Thread 0x00000203253d6000 nmethod 687 0x0000020308f44390 code [0x0000020308f44540, 0x0000020308f44708]
Event: 0.557 Thread 0x000002032553f800  688       3       sun.nio.cs.SingleByte$Encoder::encode (32 bytes)
Event: 0.557 Thread 0x00000203253d6000  689       3       java.lang.String::getChars (54 bytes)
Event: 0.557 Thread 0x000002032553f800 nmethod 688 0x0000020308f44810 code [0x0000020308f449c0, 0x0000020308f44b78]
Event: 0.557 Thread 0x000002032553f800  690       3       java.lang.StringLatin1::getChars (12 bytes)
Event: 0.557 Thread 0x000002032553f800 nmethod 690 0x0000020308f44c90 code [0x0000020308f44e60, 0x0000020308f450b8]
Event: 0.557 Thread 0x00000203253d6000 nmethod 689 0x0000020308f45290 code [0x0000020308f454a0, 0x0000020308f45958]

GC Heap History (0 events):
No events

Deoptimization events (20 events):
Event: 0.340 Thread 0x0000020376a57800 DEOPT PACKING pc=0x0000020308e8b46d sp=0x000000c02e8fb0f0
Event: 0.340 Thread 0x0000020376a57800 DEOPT UNPACKING pc=0x000002030872a95e sp=0x000000c02e8fa550 mode 0
Event: 0.361 Thread 0x0000020376a57800 DEOPT PACKING pc=0x0000020308e6cdd0 sp=0x000000c02e8fe730
Event: 0.361 Thread 0x0000020376a57800 DEOPT UNPACKING pc=0x000002030872a95e sp=0x000000c02e8fdbb8 mode 0
Event: 0.362 Thread 0x0000020376a57800 DEOPT PACKING pc=0x0000020308e6cdd0 sp=0x000000c02e8fe730
Event: 0.362 Thread 0x0000020376a57800 DEOPT UNPACKING pc=0x000002030872a95e sp=0x000000c02e8fdbb8 mode 0
Event: 0.364 Thread 0x0000020376a57800 DEOPT PACKING pc=0x0000020308e6cdd0 sp=0x000000c02e8fe730
Event: 0.364 Thread 0x0000020376a57800 DEOPT UNPACKING pc=0x000002030872a95e sp=0x000000c02e8fdbb8 mode 0
Event: 0.366 Thread 0x0000020376a57800 DEOPT PACKING pc=0x0000020308e6cdd0 sp=0x000000c02e8fe730
Event: 0.366 Thread 0x0000020376a57800 DEOPT UNPACKING pc=0x000002030872a95e sp=0x000000c02e8fdbb8 mode 0
Event: 0.382 Thread 0x0000020376a57800 Uncommon trap: trap_request=0xffffff4d fr.pc=0x0000020310298a58 relative=0x0000000000000dd8
Event: 0.382 Thread 0x0000020376a57800 Uncommon trap: reason=unstable_if action=reinterpret pc=0x0000020310298a58 method=java.util.HashMap.putVal(ILjava/lang/Object;Ljava/lang/Object;ZZ)Ljava/lang/Object; @ 181 c2
Event: 0.382 Thread 0x0000020376a57800 DEOPT PACKING pc=0x0000020310298a58 sp=0x000000c02e8fe590
Event: 0.382 Thread 0x0000020376a57800 DEOPT UNPACKING pc=0x000002030872a1af sp=0x000000c02e8fe530 mode 2
Event: 0.491 Thread 0x0000020376a57800 DEOPT PACKING pc=0x0000020308e6a1a4 sp=0x000000c02e8fd720
Event: 0.491 Thread 0x0000020376a57800 DEOPT UNPACKING pc=0x000002030872a95e sp=0x000000c02e8fcbb8 mode 0
Event: 0.555 Thread 0x0000020376a57800 Uncommon trap: trap_request=0xffffff4d fr.pc=0x000002031028db94 relative=0x0000000000000074
Event: 0.555 Thread 0x0000020376a57800 Uncommon trap: reason=unstable_if action=reinterpret pc=0x000002031028db94 method=java.lang.String.isLatin1()Z @ 10 c2
Event: 0.555 Thread 0x0000020376a57800 DEOPT PACKING pc=0x000002031028db94 sp=0x000000c02e8fe230
Event: 0.555 Thread 0x0000020376a57800 DEOPT UNPACKING pc=0x000002030872a1af sp=0x000000c02e8fe170 mode 2

Classes redefined (0 events):
No events

Internal exceptions (7 events):
Event: 0.305 Thread 0x0000020376a57800 Exception <a 'java/security/PrivilegedActionException'{0x0000000718524088}> (0x0000000718524088) thrown at [s\src\hotspot\share\prims\jvm.cpp, line 1306]
Event: 0.305 Thread 0x0000020376a57800 Exception <a 'java/security/PrivilegedActionException'{0x0000000718524358}> (0x0000000718524358) thrown at [s\src\hotspot\share\prims\jvm.cpp, line 1306]
Event: 0.308 Thread 0x0000020376a57800 Exception <a 'java/security/PrivilegedActionException'{0x0000000718525820}> (0x0000000718525820) thrown at [s\src\hotspot\share\prims\jvm.cpp, line 1306]
Event: 0.308 Thread 0x0000020376a57800 Exception <a 'java/security/PrivilegedActionException'{0x0000000718525af0}> (0x0000000718525af0) thrown at [s\src\hotspot\share\prims\jvm.cpp, line 1306]
Event: 0.311 Thread 0x0000020376a57800 Exception <a 'java/security/PrivilegedActionException'{0x0000000718526d90}> (0x0000000718526d90) thrown at [s\src\hotspot\share\prims\jvm.cpp, line 1306]
Event: 0.311 Thread 0x0000020376a57800 Exception <a 'java/security/PrivilegedActionException'{0x0000000718527060}> (0x0000000718527060) thrown at [s\src\hotspot\share\prims\jvm.cpp, line 1306]
Event: 0.556 Thread 0x0000020376a57800 Exception <a 'java/lang/reflect/InvocationTargetException'{0x0000000717e85cd8}> (0x0000000717e85cd8) thrown at [s\src\hotspot\share\runtime\reflection.cpp, line 1245]

Events (20 events):
Event: 0.555 loading class java/util/Formatter$FixedString
Event: 0.555 loading class java/util/Formatter$FormatString
Event: 0.555 loading class java/util/Formatter$FormatString done
Event: 0.555 loading class java/util/Formatter$FixedString done
Event: 0.555 loading class java/util/Formatter$FormatSpecifier
Event: 0.555 loading class java/util/Formatter$FormatSpecifier done
Event: 0.555 loading class java/util/Formatter$Flags
Event: 0.555 loading class java/util/Formatter$Flags done
Event: 0.555 loading class java/util/Formatter$Conversion
Event: 0.555 loading class java/util/Formatter$Conversion done
Event: 0.555 loading class java/util/Formattable
Event: 0.556 loading class java/util/Formattable done
Event: 0.556 loading class java/lang/reflect/InvocationTargetException
Event: 0.556 loading class java/lang/reflect/InvocationTargetException done
Event: 0.556 loading class java/lang/Throwable$WrappedPrintStream
Event: 0.556 loading class java/lang/Throwable$PrintStreamOrWriter
Event: 0.556 loading class java/lang/Throwable$PrintStreamOrWriter done
Event: 0.556 loading class java/lang/Throwable$WrappedPrintStream done
Event: 0.556 loading class java/lang/StackTraceElement$HashedModules
Event: 0.556 loading class java/lang/StackTraceElement$HashedModules done


Dynamic libraries:
0x00007ff79a3b0000 - 0x00007ff79a3be000 	C:\Users\Asus\.jdks\corretto-11.0.21\bin\java.exe
0x00007ff8c3d10000 - 0x00007ff8c3f08000 	C:\Windows\SYSTEM32\ntdll.dll
0x00007ff8c2100000 - 0x00007ff8c21bd000 	C:\Windows\System32\KERNEL32.DLL
0x00007ff8c1490000 - 0x00007ff8c1786000 	C:\Windows\System32\KERNELBASE.dll
0x00007ff8c18f0000 - 0x00007ff8c19f0000 	C:\Windows\System32\ucrtbase.dll
0x00007ff8b0a00000 - 0x00007ff8b0a1b000 	C:\Users\Asus\.jdks\corretto-11.0.21\bin\VCRUNTIME140.dll
0x00007ff8b3f70000 - 0x00007ff8b3f87000 	C:\Users\Asus\.jdks\corretto-11.0.21\bin\jli.dll
0x00007ff8c2840000 - 0x00007ff8c29de000 	C:\Windows\System32\USER32.dll
0x00007ff8c1d40000 - 0x00007ff8c1d62000 	C:\Windows\System32\win32u.dll
0x00007ff8ac8a0000 - 0x00007ff8acb3a000 	C:\Windows\WinSxS\amd64_microsoft.windows.common-controls_6595b64144ccf1df_6.0.19041.1110_none_60b5254171f9507e\COMCTL32.dll
0x00007ff8c2a90000 - 0x00007ff8c2abc000 	C:\Windows\System32\GDI32.dll
0x00007ff8c2060000 - 0x00007ff8c20fe000 	C:\Windows\System32\msvcrt.dll
0x00007ff8c1c20000 - 0x00007ff8c1d3a000 	C:\Windows\System32\gdi32full.dll
0x00007ff8c13f0000 - 0x00007ff8c148d000 	C:\Windows\System32\msvcp_win.dll
0x00007ff8c3ca0000 - 0x00007ff8c3cd0000 	C:\Windows\System32\IMM32.DLL
0x00007ff8b8600000 - 0x00007ff8b860c000 	C:\Users\Asus\.jdks\corretto-11.0.21\bin\vcruntime140_1.dll
0x00007ff8a06e0000 - 0x00007ff8a076d000 	C:\Users\Asus\.jdks\corretto-11.0.21\bin\msvcp140.dll
0x00007ff87f5f0000 - 0x00007ff8801b3000 	C:\Users\Asus\.jdks\corretto-11.0.21\bin\server\jvm.dll
0x00007ff8c1d70000 - 0x00007ff8c1e1e000 	C:\Windows\System32\ADVAPI32.dll
0x00007ff8c29f0000 - 0x00007ff8c2a8c000 	C:\Windows\System32\sechost.dll
0x00007ff8c3270000 - 0x00007ff8c3396000 	C:\Windows\System32\RPCRT4.dll
0x00007ff8c3450000 - 0x00007ff8c3458000 	C:\Windows\System32\PSAPI.DLL
0x00007ff8baa60000 - 0x00007ff8baa69000 	C:\Windows\SYSTEM32\WSOCK32.dll
0x00007ff8b9850000 - 0x00007ff8b985a000 	C:\Windows\SYSTEM32\VERSION.dll
0x00007ff8b40b0000 - 0x00007ff8b40d7000 	C:\Windows\SYSTEM32\WINMM.dll
0x00007ff8c3bd0000 - 0x00007ff8c3c3b000 	C:\Windows\System32\WS2_32.dll
0x00007ff8bf260000 - 0x00007ff8bf272000 	C:\Windows\SYSTEM32\kernel.appcore.dll
0x00007ff8b3ec0000 - 0x00007ff8b3ed0000 	C:\Users\Asus\.jdks\corretto-11.0.21\bin\verify.dll
0x00007ff8b71c0000 - 0x00007ff8b73a4000 	C:\Windows\SYSTEM32\DBGHELP.DLL
0x00007ff8b6aa0000 - 0x00007ff8b6ad4000 	C:\Windows\SYSTEM32\dbgcore.DLL
0x00007ff8c1a40000 - 0x00007ff8c1ac2000 	C:\Windows\System32\bcryptPrimitives.dll
0x00007ff8ad7b0000 - 0x00007ff8ad7d8000 	C:\Users\Asus\.jdks\corretto-11.0.21\bin\java.dll
0x00007ff8b0930000 - 0x00007ff8b093a000 	C:\Users\Asus\.jdks\corretto-11.0.21\bin\jimage.dll
0x00007ff8b92b0000 - 0x00007ff8b92be000 	C:\Users\Asus\.jdks\corretto-11.0.21\bin\instrument.dll
0x00007ff8af560000 - 0x00007ff8af578000 	C:\Users\Asus\.jdks\corretto-11.0.21\bin\zip.dll
0x00007ff8c3480000 - 0x00007ff8c3bc5000 	C:\Windows\System32\SHELL32.dll
0x00007ff8bf480000 - 0x00007ff8bfc1b000 	C:\Windows\SYSTEM32\windows.storage.dll
0x00007ff8c2cd0000 - 0x00007ff8c3024000 	C:\Windows\System32\combase.dll
0x00007ff8c0e30000 - 0x00007ff8c0e5e000 	C:\Windows\SYSTEM32\Wldp.dll
0x00007ff8c33a0000 - 0x00007ff8c344d000 	C:\Windows\System32\SHCORE.dll
0x00007ff8c30e0000 - 0x00007ff8c3135000 	C:\Windows\System32\shlwapi.dll
0x00007ff8c1320000 - 0x00007ff8c1345000 	C:\Windows\SYSTEM32\profapi.dll
0x00007ff8ade90000 - 0x00007ff8adea9000 	C:\Users\Asus\.jdks\corretto-11.0.21\bin\net.dll
0x00007ff8bbfc0000 - 0x00007ff8bc0ca000 	C:\Windows\SYSTEM32\WINHTTP.dll
0x00007ff8c0b20000 - 0x00007ff8c0b8a000 	C:\Windows\system32\mswsock.dll
0x00007ff8ad6a0000 - 0x00007ff8ad6b2000 	C:\Users\Asus\.jdks\corretto-11.0.21\bin\nio.dll
0x00007ff8873b0000 - 0x00007ff8873c7000 	C:\Windows\system32\napinsp.dll
0x00007ff887ca0000 - 0x00007ff887cbb000 	C:\Windows\system32\pnrpnsp.dll
0x00007ff8bc330000 - 0x00007ff8bc345000 	C:\Windows\system32\wshbth.dll
0x00007ff8bcee0000 - 0x00007ff8bcefd000 	C:\Windows\system32\NLAapi.dll
0x00007ff8c0810000 - 0x00007ff8c084b000 	C:\Windows\SYSTEM32\IPHLPAPI.DLL
0x00007ff8c0850000 - 0x00007ff8c091a000 	C:\Windows\SYSTEM32\DNSAPI.dll
0x00007ff8c29e0000 - 0x00007ff8c29e8000 	C:\Windows\System32\NSI.dll
0x00007ff8888c0000 - 0x00007ff8888d2000 	C:\Windows\System32\winrnr.dll
0x00007ff8b9cf0000 - 0x00007ff8b9cfa000 	C:\Windows\System32\rasadhlp.dll
0x00007ff8b9720000 - 0x00007ff8b97a2000 	C:\Windows\System32\fwpuclnt.dll
0x00007ff8c1ad0000 - 0x00007ff8c1af7000 	C:\Windows\System32\bcrypt.dll

dbghelp: loaded successfully - version: 4.0.5 - missing functions: none
symbol engine: initialized successfully - sym options: 0x614 - pdb path: .;C:\Users\Asus\.jdks\corretto-11.0.21\bin;C:\Windows\SYSTEM32;C:\Windows\WinSxS\amd64_microsoft.windows.common-controls_6595b64144ccf1df_6.0.19041.1110_none_60b5254171f9507e;C:\Users\Asus\.jdks\corretto-11.0.21\bin\server

VM Arguments:
jvm_args: -javaagent:C:\\Users\\Asus\\.m2\\repository\\org\\jacoco\\org.jacoco.agent\\0.7.7.201606060606\\org.jacoco.agent-0.7.7.201606060606-runtime.jar=destfile=C:\\Users\\Asus\\Desktop\\DevOps_Project\\target\\jacoco.exec 
java_command: C:\Users\Asus\AppData\Local\Temp\surefire11941750119061777584\surefirebooter7888410923848232397.jar C:\Users\Asus\AppData\Local\Temp\surefire11941750119061777584 2023-10-23T14-45-02_590-jvmRun1 surefire4203565965193784792tmp surefire_08715333242215122815tmp
java_class_path (initial): C:\Users\Asus\AppData\Local\Temp\surefire11941750119061777584\surefirebooter7888410923848232397.jar
Launcher Type: SUN_STANDARD

[Global flags]
     intx CICompilerCount                          = 12                                        {product} {ergonomic}
     uint ConcGCThreads                            = 3                                         {product} {ergonomic}
     uint G1ConcRefinementThreads                  = 13                                        {product} {ergonomic}
   size_t G1HeapRegionSize                         = 1048576                                   {product} {ergonomic}
    uintx GCDrainStackTargetSize                   = 64                                        {product} {ergonomic}
   size_t InitialHeapSize                          = 260046848                                 {product} {ergonomic}
   size_t MarkStackSize                            = 4194304                                   {product} {ergonomic}
   size_t MaxHeapSize                              = 4139778048                                {product} {ergonomic}
   size_t MaxNewSize                               = 2483027968                                {product} {ergonomic}
   size_t MinHeapDeltaBytes                        = 1048576                                   {product} {ergonomic}
    uintx NonNMethodCodeHeapSize                   = 7594288                                {pd product} {ergonomic}
    uintx NonProfiledCodeHeapSize                  = 122031976                              {pd product} {ergonomic}
    uintx ProfiledCodeHeapSize                     = 122031976                              {pd product} {ergonomic}
    uintx ReservedCodeCacheSize                    = 251658240                              {pd product} {ergonomic}
     bool SegmentedCodeCache                       = true                                      {product} {ergonomic}
     bool UseCompressedClassPointers               = true                                 {lp64_product} {ergonomic}
     bool UseCompressedOops                        = true                                 {lp64_product} {ergonomic}
     bool UseG1GC                                  = true                                      {product} {ergonomic}
     bool UseLargePagesIndividualAllocation        = false                                  {pd product} {ergonomic}

Logging:
Log output configuration:
 #0: stdout all=warning uptime,level,tags
 #1: stderr all=off uptime,level,tags

Environment Variables:
JAVA_HOME=C:\Program Files\Java\jdk-1.8
PATH=C:\Program Files\Common Files\Oracle\Java\javapath;C:\Program Files (x86)\VMware\VMware Workstation\bin\;C:\Program Files (x86)\Common Files\Oracle\Java\javapath;C:\Windows\system32;C:\Windows;C:\Windows\System32\Wbem;C:\Windows\System32\WindowsPowerShell\v1.0\;C:\Windows\System32\OpenSSH\;C:\Program Files (x86)\NVIDIA Corporation\PhysX\Common;C:\Program Files\Java\jdk-1.8\bin;C:\Program Files\nodejs\;C:\Program Files\Git\cmd;C:\Users\Asus\AppData\Local\Microsoft\WindowsApps;C:\Users\Asus\AppData\Roaming\npm;C:\Users\Asus\AppData\Local\Programs\Microsoft VS Code\bin
USERNAME=Asus
OS=Windows_NT
PROCESSOR_IDENTIFIER=AMD64 Family 23 Model 96 Stepping 1, AuthenticAMD
TMP=C:\Users\Asus\AppData\Local\Temp
TEMP=C:\Users\Asus\AppData\Local\Temp



---------------  S Y S T E M  ---------------

OS: Windows 10 , 64 bit Build 19041 (10.0.19041.3393)
OS uptime: 4 days 22:13 hours

CPU:total 16 (initial active 16) (16 cores per cpu, 2 threads per core) family 23 model 96 stepping 1 microcode 0x0, cmov, cx8, fxsr, mmx, sse, sse2, sse3, ssse3, sse4.1, sse4.2, popcnt, avx, avx2, aes, clmul, mmxext, 3dnowpref, lzcnt, sse4a, ht, tsc, tscinvbit, tscinv, bmi1, bmi2, adx, sha, fma

Memory: 4k page, system-wide physical 15790M (8185M free)
TotalPageFile size 18222M (AvailPageFile size 7888M)
current process WorkingSet (physical memory assigned to process): 67M, peak: 67M
current process commit charge ("private bytes"): 355M, peak: 355M

vm_info: OpenJDK 64-Bit Server VM (11.0.21+9-LTS) for windows-amd64 JRE (11.0.21+9-LTS), built on Oct  9 2023 18:37:11 by "Administrator" with MS VC++ 16.10 / 16.11 (VS2019)

END.
