#
# A fatal error has been detected by the Java Runtime Environment:
#
#  EXCEPTION_ACCESS_VIOLATION (0xc0000005) at pc=0x000002582f13112d, pid=9880, tid=4276
#
# JRE version: OpenJDK Runtime Environment Corretto-11.0.21.9.1 (11.0.21+9) (build 11.0.21+9-LTS)
# Java VM: OpenJDK 64-Bit Server VM Corretto-11.0.21.9.1 (11.0.21+9-LTS, mixed mode, tiered, compressed oops, g1 gc, windows-amd64)
# Problematic frame:
# v  ~StubRoutines::get_previous_fp
#
# No core dump will be written. Minidumps are not enabled by default on client versions of Windows
#
# If you would like to submit a bug report, please visit:
#   https://github.com/corretto/corretto-11/issues/
#

---------------  S U M M A R Y ------------

Command Line: -javaagent:C:\\Users\\Asus\\.m2\\repository\\org\\jacoco\\org.jacoco.agent\\0.7.7.201606060606\\org.jacoco.agent-0.7.7.201606060606-runtime.jar=destfile=C:\\Users\\Asus\\Desktop\\DevOps_Project\\target\\jacoco.exec C:\Users\Asus\AppData\Local\Temp\surefire8756671192102758907\surefirebooter16951632240320503458.jar C:\Users\Asus\AppData\Local\Temp\surefire8756671192102758907 2023-10-22T14-59-14_361-jvmRun1 surefire7842977134282372769tmp surefire_03077191825208626125tmp

Host: AMD Ryzen 7 4800H with Radeon Graphics         , 16 cores, 15G,  Windows 10 , 64 bit Build 19041 (10.0.19041.3393)
Time: Sun Oct 22 14:59:14 2023 Paris, Madrid (heure duild 19041 (10.0.19041.3393) elapsed time: 0.286749 seconds (0d 0h 0m 0s)

---------------  T H R E A D  ---------------

Current thread (0x0000025826992800):  JavaThread "main" [_thread_in_vm, id=4276, stack(0x000000fa92700000,0x000000fa92800000)]

Stack: [0x000000fa92700000,0x000000fa92800000],  sp=0x000000fa927ff690,  free space=1021k
Native frames: (J=compiled Java code, j=interpreted, Vv=VM code, C=native code)
C  0x000002582f13112d


siginfo: EXCEPTION_ACCESS_VIOLATION (0xc0000005), reading address 0x00000000000003d8


Register to memory mapping:

RIP=0x000002582f13112d is at begin+8 in a stub
StubRoutines::get_previous_fp [0x000002582f131125, 0x000002582f131132[ (13 bytes)
RAX=0x00000000000003d8 is an unknown value
RBX=0x000000fa927ff730 is pointing into the stack for thread: 0x0000025826992800
RCX=0x000000fa927ff730 is pointing into the stack for thread: 0x0000025826992800
RDX=0x0 is NULL
RSP=0x000000fa927ff690 is pointing into the stack for thread: 0x0000025826992800
RBP=0x000000fa927ff690 is pointing into the stack for thread: 0x0000025826992800
RSI=0x0 is NULL
RDI=0x0000025826992800 is a thread
R8 =0x000000fa927ff608 is pointing into the stack for thread: 0x0000025826992800
R9 =0x0000000000000001 is an unknown value
R10=0x0 is NULL
R11=0x000000fa927ff6c0 is pointing into the stack for thread: 0x0000025826992800
R12=0x00000258269934e8 points into unknown readable memory: 0x080339c4c0fc5017 | 17 50 fc c0 c4 39 03 08
R13=0x000002582466d6e8 points into unknown readable memory: 0x0000025824671070 | 70 10 67 24 58 02 00 00
R14=0x000002584bd184f0 points into unknown readable memory: 0x000002584bfd7fc0 | c0 7f fd 4b 58 02 00 00
R15=0x0000025826993110 points into unknown readable memory: 0x6e616c2e6176616a | 6a 61 76 61 2e 6c 61 6e


Registers:
RAX=0x00000000000003d8, RBX=0x000000fa927ff730, RCX=0x000000fa927ff730, RDX=0x0000000000000000
RSP=0x000000fa927ff690, RBP=0x000000fa927ff690, RSI=0x0000000000000000, RDI=0x0000025826992800
R8 =0x000000fa927ff608, R9 =0x0000000000000001, R10=0x0000000000000000, R11=0x000000fa927ff6c0
R12=0x00000258269934e8, R13=0x000002582466d6e8, R14=0x000002584bd184f0, R15=0x0000025826993110
RIP=0x000002582f13112d, EFLAGS=0x0000000000010202

Top of Stack: (sp=0x000000fa927ff690)
0x000000fa927ff690:   00000000000003d8 00007ff86cf65a86
0x000000fa927ff6a0:   00000000000000af 000000fa927ff790
0x000000fa927ff6b0:   00007ff8b92082d0 00007ff8c190b3e4
0x000000fa927ff6c0:   0000025826993100 00007ff86c9e232c
0x000000fa927ff6d0:   0000025826992800 000002582466f250
0x000000fa927ff6e0:   00000000000007d0 0000000000007fd8
0x000000fa927ff6f0:   0000025826992800 00007ff86d0b9ad1
0x000000fa927ff700:   000002582466f250 0000025826993100
0x000000fa927ff710:   0000025826993100 000002584ad4cde0
0x000000fa927ff720:   000002582474a938 00007ff8b920148c
0x000000fa927ff730:   0000000000000000 0000000000000024
0x000000fa927ff740:   00007ff8b92082d0 000000fa927ff790
0x000000fa927ff750:   00007ff8c19df540 0000000000000000
0x000000fa927ff760:   00000900713034ef 00007ff8b9207ae0
0x000000fa927ff770:   0000025826992800 00007ff86cf681d0
0x000000fa927ff780:   0000025826992b48 00007ff8b92082d0 

Instructions: (pc=0x000002582f13112d)
0x000002582f13102d:   84 83 00 00 00 83 fa 07 0f 84 80 00 00 00 89 01
0x000002582f13103d:   48 8d a5 28 fe ff ff c5 fa 6f 75 b8 c5 fa 6f 7d
0x000002582f13104d:   a8 c5 7a 6f 45 98 c5 7a 6f 4d 88 c5 7a 6f 95 78
0x000002582f13105d:   ff ff ff c5 7a 6f 9d 68 ff ff ff c5 7a 6f a5 58
0x000002582f13106d:   ff ff ff c5 7a 6f ad 48 ff ff ff c5 7a 6f b5 38
0x000002582f13107d:   ff ff ff c5 7a 6f bd 28 ff ff ff 4c 8b 7d c8 4c
0x000002582f13108d:   8b 75 d0 4c 8b 6d d8 4c 8b 65 e0 48 8b 5d f8 48
0x000002582f13109d:   8b 7d e8 48 8b 75 f0 48 81 c4 d8 01 00 00 c5 f8
0x000002582f1310ad:   77 5d c3 48 89 01 eb 88 c5 fa 11 01 eb 82 c5 fb
0x000002582f1310bd:   11 01 e9 79 ff ff ff 49 89 47 08 49 ba 40 53 26
0x000002582f1310cd:   6d f8 7f 00 00 4d 89 57 10 41 c7 47 18 da 01 00
0x000002582f1310dd:   00 e9 2d ff ff ff 8b c1 87 02 c3 48 8b c1 48 87
0x000002582f1310ed:   02 c3 41 8b c0 f0 0f b1 0a c3 49 0f be c0 f0 0f
0x000002582f1310fd:   b0 0a c3 49 8b c0 f0 48 0f b1 0a c3 8b c1 f0 0f
0x000002582f13110d:   c1 0a 03 c1 c3 48 8b c1 f0 48 0f c1 0a 48 03 c1
0x000002582f13111d:   c3 f0 83 44 24 c0 00 c3 55 48 8b ec 48 8b 45 00
0x000002582f13112d:   48 8b 00 5d c3 48 8b c4 48 83 c0 08 c3 c3 0f 1f
0x000002582f13113d:   44 00 00 55 48 8b ec 49 b9 30 05 3c 6d f8 7f 00
0x000002582f13114d:   00 f7 d1 41 83 f8 10 0f 8c 38 02 00 00 44 8b da
0x000002582f13115d:   41 83 e3 0f 74 23 41 83 eb 10 45 03 c3 66 90 0f
0x000002582f13116d:   be 02 33 c1 81 e0 ff 00 00 00 c1 e9 08 41 33 0c
0x000002582f13117d:   81 48 ff c2 41 ff c3 7c e6 45 8b d8 41 c1 e8 04
0x000002582f13118d:   0f 84 fc 01 00 00 c5 f9 6f 0a c5 f9 7e c8 33 c8
0x000002582f13119d:   c4 e3 71 22 c9 00 48 83 c2 10 41 83 e8 04 0f 8c
0x000002582f1311ad:   d7 00 00 00 c5 f9 6f 12 c5 f9 6f 5a 10 c5 f9 6f
0x000002582f1311bd:   62 20 48 83 c2 30 41 83 e8 03 0f 8e 70 00 00 00
0x000002582f1311cd:   49 ba 20 05 3c 6d f8 7f 00 00 c4 c1 7a 6f 02 0f
0x000002582f1311dd:   1f 40 00 c4 e3 79 44 e9 11 c4 e3 79 44 c9 00 c5
0x000002582f1311ed:   f1 ef 0a c5 f1 ef cd c4 e3 79 44 ea 11 c4 e3 79
0x000002582f1311fd:   44 d2 00 c5 e9 ef 52 10 c5 e9 ef d5 c4 e3 79 44
0x000002582f13120d:   eb 11 c4 e3 79 44 db 00 c5 e1 ef 5a 20 c5 e1 ef
0x000002582f13121d:   dd c4 e3 79 44 ec 11 c4 e3 79 44 e4 00 c5 d9 ef 


Stack slot to memory mapping:
stack at sp + 0 slots: 0x00000000000003d8 is an unknown value
stack at sp + 1 slots: 0x00007ff86cf65a86 jvm.dll
stack at sp + 2 slots: 0x00000000000000af is an unknown value
stack at sp + 3 slots: 0x000000fa927ff790 is pointing into the stack for thread: 0x0000025826992800
stack at sp + 4 slots: 0x00007ff8b92082d0 instrument.dll
stack at sp + 5 slots: 0x00007ff8c190b3e4 ucrtbase.dll
stack at sp + 6 slots: 0x0000025826993100 points into unknown readable memory: 0x000002584bd184e0 | e0 84 d1 4b 58 02 00 00
stack at sp + 7 slots: 0x00007ff86c9e232c jvm.dll

StubRoutines::get_previous_fp [0x000002582f131125, 0x000002582f131132[ (13 bytes)
---------------  P R O C E S S  ---------------

Threads class SMR info:
_java_thread_list=0x000002584b8173e0, length=13, elements={
0x0000025826992800, 0x000002584b644000, 0x000002584b645000, 0x000002584b6b2000,
0x000002584b6b3000, 0x000002584b6b4000, 0x000002584b65d000, 0x000002584b65e800,
0x000002584b661800, 0x000002584b620800, 0x000002584b82b000, 0x000002584b82c000,
0x000002584b83f000
}

Java Threads: ( => current thread )
=>0x0000025826992800 JavaThread "main" [_thread_in_vm, id=4276, stack(0x000000fa92700000,0x000000fa92800000)]
  0x000002584b644000 JavaThread "Reference Handler" daemon [_thread_blocked, id=2496, stack(0x000000fa92e00000,0x000000fa92f00000)]
  0x000002584b645000 JavaThread "Finalizer" daemon [_thread_blocked, id=2752, stack(0x000000fa92f00000,0x000000fa93000000)]
  0x000002584b6b2000 JavaThread "Signal Dispatcher" daemon [_thread_blocked, id=15800, stack(0x000000fa93000000,0x000000fa93100000)]
  0x000002584b6b3000 JavaThread "Attach Listener" daemon [_thread_blocked, id=2952, stack(0x000000fa93100000,0x000000fa93200000)]
  0x000002584b6b4000 JavaThread "Service Thread" daemon [_thread_blocked, id=8668, stack(0x000000fa93200000,0x000000fa93300000)]
  0x000002584b65d000 JavaThread "C2 CompilerThread0" daemon [_thread_blocked, id=8184, stack(0x000000fa93300000,0x000000fa93400000)]
  0x000002584b65e800 JavaThread "C1 CompilerThread0" daemon [_thread_blocked, id=11432, stack(0x000000fa93400000,0x000000fa93500000)]
  0x000002584b661800 JavaThread "Sweeper thread" daemon [_thread_blocked, id=9916, stack(0x000000fa93500000,0x000000fa93600000)]
  0x000002584b620800 JavaThread "Common-Cleaner" daemon [_thread_blocked, id=15328, stack(0x000000fa93600000,0x000000fa93700000)]
  0x000002584b82b000 JavaThread "C1 CompilerThread1" daemon [_thread_blocked, id=13204, stack(0x000000fa93700000,0x000000fa93800000)]
  0x000002584b82c000 JavaThread "C1 CompilerThread2" daemon [_thread_blocked, id=5656, stack(0x000000fa93800000,0x000000fa93900000)]
  0x000002584b83f000 JavaThread "C2 CompilerThread1" daemon [_thread_blocked, id=6956, stack(0x000000fa93900000,0x000000fa93a00000)]

Other Threads:
  0x000002584b642000 VMThread "VM Thread" [stack: 0x000000fa92d00000,0x000000fa92e00000] [id=14548]
  0x00000258269ab800 GCTaskThread "GC Thread#0" [stack: 0x000000fa92800000,0x000000fa92900000] [id=10612]
  0x0000025826a17000 ConcurrentGCThread "G1 Main Marker" [stack: 0x000000fa92900000,0x000000fa92a00000] [id=13688]
  0x0000025826a19800 ConcurrentGCThread "G1 Conc#0" [stack: 0x000000fa92a00000,0x000000fa92b00000] [id=7552]
  0x000002584ac6e000 ConcurrentGCThread "G1 Refine#0" [stack: 0x000000fa92b00000,0x000000fa92c00000] [id=1092]
  0x000002584ac6f000 ConcurrentGCThread "G1 Young RemSet Sampling" [stack: 0x000000fa92c00000,0x000000fa92d00000] [id=1256]

Threads with active compile tasks:

VM state:not at safepoint (normal execution)

VM Mutex/Monitor currently owned by a thread: None

Heap address: 0x0000000709400000, size: 3948 MB, Compressed Oops mode: Zero based, Oop shift amount: 3
Narrow klass base: 0x0000000800000000, Narrow klass shift: 0
Compressed class space size: 1073741824 Address: 0x0000000800000000

Heap:
 garbage-first heap   total 253952K, used 14336K [0x0000000709400000, 0x0000000800000000)
  region size 1024K, 14 young (14336K), 0 survivors (0K)
 Metaspace       used 10208K, capacity 10371K, committed 10496K, reserved 1058816K
  class space    used 895K, capacity 942K, committed 1024K, reserved 1048576K
Heap Regions: E=young(eden), S=young(survivor), O=old, HS=humongous(starts), HC=humongous(continues), CS=collection set, F=free, A=archive, TAMS=top-at-mark-start (previous, next)
|   0|0x0000000709400000, 0x0000000709500000, 0x0000000709500000|100%|HS|  |TAMS 0x0000000709400000, 0x0000000709400000| Complete 
|   1|0x0000000709500000, 0x0000000709600000, 0x0000000709600000|100%|HS|  |TAMS 0x0000000709500000, 0x0000000709500000| Complete 
|   2|0x0000000709600000, 0x0000000709600000, 0x0000000709700000|  0%| F|  |TAMS 0x0000000709600000, 0x0000000709600000| Untracked 
|   3|0x0000000709700000, 0x0000000709700000, 0x0000000709800000|  0%| F|  |TAMS 0x0000000709700000, 0x0000000709700000| Untracked 
|   4|0x0000000709800000, 0x0000000709800000, 0x0000000709900000|  0%| F|  |TAMS 0x0000000709800000, 0x0000000709800000| Untracked 
|   5|0x0000000709900000, 0x0000000709900000, 0x0000000709a00000|  0%| F|  |TAMS 0x0000000709900000, 0x0000000709900000| Untracked 
|   6|0x0000000709a00000, 0x0000000709a00000, 0x0000000709b00000|  0%| F|  |TAMS 0x0000000709a00000, 0x0000000709a00000| Untracked 
|   7|0x0000000709b00000, 0x0000000709b00000, 0x0000000709c00000|  0%| F|  |TAMS 0x0000000709b00000, 0x0000000709b00000| Untracked 
|   8|0x0000000709c00000, 0x0000000709c00000, 0x0000000709d00000|  0%| F|  |TAMS 0x0000000709c00000, 0x0000000709c00000| Untracked 
|   9|0x0000000709d00000, 0x0000000709d00000, 0x0000000709e00000|  0%| F|  |TAMS 0x0000000709d00000, 0x0000000709d00000| Untracked 
|  10|0x0000000709e00000, 0x0000000709e00000, 0x0000000709f00000|  0%| F|  |TAMS 0x0000000709e00000, 0x0000000709e00000| Untracked 
|  11|0x0000000709f00000, 0x0000000709f00000, 0x000000070a000000|  0%| F|  |TAMS 0x0000000709f00000, 0x0000000709f00000| Untracked 
|  12|0x000000070a000000, 0x000000070a000000, 0x000000070a100000|  0%| F|  |TAMS 0x000000070a000000, 0x000000070a000000| Untracked 
|  13|0x000000070a100000, 0x000000070a100000, 0x000000070a200000|  0%| F|  |TAMS 0x000000070a100000, 0x000000070a100000| Untracked 
|  14|0x000000070a200000, 0x000000070a200000, 0x000000070a300000|  0%| F|  |TAMS 0x000000070a200000, 0x000000070a200000| Untracked 
|  15|0x000000070a300000, 0x000000070a300000, 0x000000070a400000|  0%| F|  |TAMS 0x000000070a300000, 0x000000070a300000| Untracked 
|  16|0x000000070a400000, 0x000000070a400000, 0x000000070a500000|  0%| F|  |TAMS 0x000000070a400000, 0x000000070a400000| Untracked 
|  17|0x000000070a500000, 0x000000070a500000, 0x000000070a600000|  0%| F|  |TAMS 0x000000070a500000, 0x000000070a500000| Untracked 
|  18|0x000000070a600000, 0x000000070a600000, 0x000000070a700000|  0%| F|  |TAMS 0x000000070a600000, 0x000000070a600000| Untracked 
|  19|0x000000070a700000, 0x000000070a700000, 0x000000070a800000|  0%| F|  |TAMS 0x000000070a700000, 0x000000070a700000| Untracked 
|  20|0x000000070a800000, 0x000000070a800000, 0x000000070a900000|  0%| F|  |TAMS 0x000000070a800000, 0x000000070a800000| Untracked 
|  21|0x000000070a900000, 0x000000070a900000, 0x000000070aa00000|  0%| F|  |TAMS 0x000000070a900000, 0x000000070a900000| Untracked 
|  22|0x000000070aa00000, 0x000000070aa00000, 0x000000070ab00000|  0%| F|  |TAMS 0x000000070aa00000, 0x000000070aa00000| Untracked 
|  23|0x000000070ab00000, 0x000000070ab00000, 0x000000070ac00000|  0%| F|  |TAMS 0x000000070ab00000, 0x000000070ab00000| Untracked 
|  24|0x000000070ac00000, 0x000000070ac00000, 0x000000070ad00000|  0%| F|  |TAMS 0x000000070ac00000, 0x000000070ac00000| Untracked 
|  25|0x000000070ad00000, 0x000000070ad00000, 0x000000070ae00000|  0%| F|  |TAMS 0x000000070ad00000, 0x000000070ad00000| Untracked 
|  26|0x000000070ae00000, 0x000000070ae00000, 0x000000070af00000|  0%| F|  |TAMS 0x000000070ae00000, 0x000000070ae00000| Untracked 
|  27|0x000000070af00000, 0x000000070af00000, 0x000000070b000000|  0%| F|  |TAMS 0x000000070af00000, 0x000000070af00000| Untracked 
|  28|0x000000070b000000, 0x000000070b000000, 0x000000070b100000|  0%| F|  |TAMS 0x000000070b000000, 0x000000070b000000| Untracked 
|  29|0x000000070b100000, 0x000000070b100000, 0x000000070b200000|  0%| F|  |TAMS 0x000000070b100000, 0x000000070b100000| Untracked 
|  30|0x000000070b200000, 0x000000070b200000, 0x000000070b300000|  0%| F|  |TAMS 0x000000070b200000, 0x000000070b200000| Untracked 
|  31|0x000000070b300000, 0x000000070b300000, 0x000000070b400000|  0%| F|  |TAMS 0x000000070b300000, 0x000000070b300000| Untracked 
|  32|0x000000070b400000, 0x000000070b400000, 0x000000070b500000|  0%| F|  |TAMS 0x000000070b400000, 0x000000070b400000| Untracked 
|  33|0x000000070b500000, 0x000000070b500000, 0x000000070b600000|  0%| F|  |TAMS 0x000000070b500000, 0x000000070b500000| Untracked 
|  34|0x000000070b600000, 0x000000070b600000, 0x000000070b700000|  0%| F|  |TAMS 0x000000070b600000, 0x000000070b600000| Untracked 
|  35|0x000000070b700000, 0x000000070b700000, 0x000000070b800000|  0%| F|  |TAMS 0x000000070b700000, 0x000000070b700000| Untracked 
|  36|0x000000070b800000, 0x000000070b800000, 0x000000070b900000|  0%| F|  |TAMS 0x000000070b800000, 0x000000070b800000| Untracked 
|  37|0x000000070b900000, 0x000000070b900000, 0x000000070ba00000|  0%| F|  |TAMS 0x000000070b900000, 0x000000070b900000| Untracked 
|  38|0x000000070ba00000, 0x000000070ba00000, 0x000000070bb00000|  0%| F|  |TAMS 0x000000070ba00000, 0x000000070ba00000| Untracked 
|  39|0x000000070bb00000, 0x000000070bb00000, 0x000000070bc00000|  0%| F|  |TAMS 0x000000070bb00000, 0x000000070bb00000| Untracked 
|  40|0x000000070bc00000, 0x000000070bc00000, 0x000000070bd00000|  0%| F|  |TAMS 0x000000070bc00000, 0x000000070bc00000| Untracked 
|  41|0x000000070bd00000, 0x000000070bd00000, 0x000000070be00000|  0%| F|  |TAMS 0x000000070bd00000, 0x000000070bd00000| Untracked 
|  42|0x000000070be00000, 0x000000070be00000, 0x000000070bf00000|  0%| F|  |TAMS 0x000000070be00000, 0x000000070be00000| Untracked 
|  43|0x000000070bf00000, 0x000000070bf00000, 0x000000070c000000|  0%| F|  |TAMS 0x000000070bf00000, 0x000000070bf00000| Untracked 
|  44|0x000000070c000000, 0x000000070c000000, 0x000000070c100000|  0%| F|  |TAMS 0x000000070c000000, 0x000000070c000000| Untracked 
|  45|0x000000070c100000, 0x000000070c100000, 0x000000070c200000|  0%| F|  |TAMS 0x000000070c100000, 0x000000070c100000| Untracked 
|  46|0x000000070c200000, 0x000000070c200000, 0x000000070c300000|  0%| F|  |TAMS 0x000000070c200000, 0x000000070c200000| Untracked 
|  47|0x000000070c300000, 0x000000070c300000, 0x000000070c400000|  0%| F|  |TAMS 0x000000070c300000, 0x000000070c300000| Untracked 
|  48|0x000000070c400000, 0x000000070c400000, 0x000000070c500000|  0%| F|  |TAMS 0x000000070c400000, 0x000000070c400000| Untracked 
|  49|0x000000070c500000, 0x000000070c500000, 0x000000070c600000|  0%| F|  |TAMS 0x000000070c500000, 0x000000070c500000| Untracked 
|  50|0x000000070c600000, 0x000000070c600000, 0x000000070c700000|  0%| F|  |TAMS 0x000000070c600000, 0x000000070c600000| Untracked 
|  51|0x000000070c700000, 0x000000070c700000, 0x000000070c800000|  0%| F|  |TAMS 0x000000070c700000, 0x000000070c700000| Untracked 
|  52|0x000000070c800000, 0x000000070c800000, 0x000000070c900000|  0%| F|  |TAMS 0x000000070c800000, 0x000000070c800000| Untracked 
|  53|0x000000070c900000, 0x000000070c900000, 0x000000070ca00000|  0%| F|  |TAMS 0x000000070c900000, 0x000000070c900000| Untracked 
|  54|0x000000070ca00000, 0x000000070ca00000, 0x000000070cb00000|  0%| F|  |TAMS 0x000000070ca00000, 0x000000070ca00000| Untracked 
|  55|0x000000070cb00000, 0x000000070cb00000, 0x000000070cc00000|  0%| F|  |TAMS 0x000000070cb00000, 0x000000070cb00000| Untracked 
|  56|0x000000070cc00000, 0x000000070cc00000, 0x000000070cd00000|  0%| F|  |TAMS 0x000000070cc00000, 0x000000070cc00000| Untracked 
|  57|0x000000070cd00000, 0x000000070cd00000, 0x000000070ce00000|  0%| F|  |TAMS 0x000000070cd00000, 0x000000070cd00000| Untracked 
|  58|0x000000070ce00000, 0x000000070ce00000, 0x000000070cf00000|  0%| F|  |TAMS 0x000000070ce00000, 0x000000070ce00000| Untracked 
|  59|0x000000070cf00000, 0x000000070cf00000, 0x000000070d000000|  0%| F|  |TAMS 0x000000070cf00000, 0x000000070cf00000| Untracked 
|  60|0x000000070d000000, 0x000000070d000000, 0x000000070d100000|  0%| F|  |TAMS 0x000000070d000000, 0x000000070d000000| Untracked 
|  61|0x000000070d100000, 0x000000070d100000, 0x000000070d200000|  0%| F|  |TAMS 0x000000070d100000, 0x000000070d100000| Untracked 
|  62|0x000000070d200000, 0x000000070d200000, 0x000000070d300000|  0%| F|  |TAMS 0x000000070d200000, 0x000000070d200000| Untracked 
|  63|0x000000070d300000, 0x000000070d300000, 0x000000070d400000|  0%| F|  |TAMS 0x000000070d300000, 0x000000070d300000| Untracked 
|  64|0x000000070d400000, 0x000000070d400000, 0x000000070d500000|  0%| F|  |TAMS 0x000000070d400000, 0x000000070d400000| Untracked 
|  65|0x000000070d500000, 0x000000070d500000, 0x000000070d600000|  0%| F|  |TAMS 0x000000070d500000, 0x000000070d500000| Untracked 
|  66|0x000000070d600000, 0x000000070d600000, 0x000000070d700000|  0%| F|  |TAMS 0x000000070d600000, 0x000000070d600000| Untracked 
|  67|0x000000070d700000, 0x000000070d700000, 0x000000070d800000|  0%| F|  |TAMS 0x000000070d700000, 0x000000070d700000| Untracked 
|  68|0x000000070d800000, 0x000000070d800000, 0x000000070d900000|  0%| F|  |TAMS 0x000000070d800000, 0x000000070d800000| Untracked 
|  69|0x000000070d900000, 0x000000070d900000, 0x000000070da00000|  0%| F|  |TAMS 0x000000070d900000, 0x000000070d900000| Untracked 
|  70|0x000000070da00000, 0x000000070da00000, 0x000000070db00000|  0%| F|  |TAMS 0x000000070da00000, 0x000000070da00000| Untracked 
|  71|0x000000070db00000, 0x000000070db00000, 0x000000070dc00000|  0%| F|  |TAMS 0x000000070db00000, 0x000000070db00000| Untracked 
|  72|0x000000070dc00000, 0x000000070dc00000, 0x000000070dd00000|  0%| F|  |TAMS 0x000000070dc00000, 0x000000070dc00000| Untracked 
|  73|0x000000070dd00000, 0x000000070dd00000, 0x000000070de00000|  0%| F|  |TAMS 0x000000070dd00000, 0x000000070dd00000| Untracked 
|  74|0x000000070de00000, 0x000000070de00000, 0x000000070df00000|  0%| F|  |TAMS 0x000000070de00000, 0x000000070de00000| Untracked 
|  75|0x000000070df00000, 0x000000070df00000, 0x000000070e000000|  0%| F|  |TAMS 0x000000070df00000, 0x000000070df00000| Untracked 
|  76|0x000000070e000000, 0x000000070e000000, 0x000000070e100000|  0%| F|  |TAMS 0x000000070e000000, 0x000000070e000000| Untracked 
|  77|0x000000070e100000, 0x000000070e100000, 0x000000070e200000|  0%| F|  |TAMS 0x000000070e100000, 0x000000070e100000| Untracked 
|  78|0x000000070e200000, 0x000000070e200000, 0x000000070e300000|  0%| F|  |TAMS 0x000000070e200000, 0x000000070e200000| Untracked 
|  79|0x000000070e300000, 0x000000070e300000, 0x000000070e400000|  0%| F|  |TAMS 0x000000070e300000, 0x000000070e300000| Untracked 
|  80|0x000000070e400000, 0x000000070e400000, 0x000000070e500000|  0%| F|  |TAMS 0x000000070e400000, 0x000000070e400000| Untracked 
|  81|0x000000070e500000, 0x000000070e500000, 0x000000070e600000|  0%| F|  |TAMS 0x000000070e500000, 0x000000070e500000| Untracked 
|  82|0x000000070e600000, 0x000000070e600000, 0x000000070e700000|  0%| F|  |TAMS 0x000000070e600000, 0x000000070e600000| Untracked 
|  83|0x000000070e700000, 0x000000070e700000, 0x000000070e800000|  0%| F|  |TAMS 0x000000070e700000, 0x000000070e700000| Untracked 
|  84|0x000000070e800000, 0x000000070e800000, 0x000000070e900000|  0%| F|  |TAMS 0x000000070e800000, 0x000000070e800000| Untracked 
|  85|0x000000070e900000, 0x000000070e900000, 0x000000070ea00000|  0%| F|  |TAMS 0x000000070e900000, 0x000000070e900000| Untracked 
|  86|0x000000070ea00000, 0x000000070ea00000, 0x000000070eb00000|  0%| F|  |TAMS 0x000000070ea00000, 0x000000070ea00000| Untracked 
|  87|0x000000070eb00000, 0x000000070eb00000, 0x000000070ec00000|  0%| F|  |TAMS 0x000000070eb00000, 0x000000070eb00000| Untracked 
|  88|0x000000070ec00000, 0x000000070ec00000, 0x000000070ed00000|  0%| F|  |TAMS 0x000000070ec00000, 0x000000070ec00000| Untracked 
|  89|0x000000070ed00000, 0x000000070ed00000, 0x000000070ee00000|  0%| F|  |TAMS 0x000000070ed00000, 0x000000070ed00000| Untracked 
|  90|0x000000070ee00000, 0x000000070ee00000, 0x000000070ef00000|  0%| F|  |TAMS 0x000000070ee00000, 0x000000070ee00000| Untracked 
|  91|0x000000070ef00000, 0x000000070ef00000, 0x000000070f000000|  0%| F|  |TAMS 0x000000070ef00000, 0x000000070ef00000| Untracked 
|  92|0x000000070f000000, 0x000000070f000000, 0x000000070f100000|  0%| F|  |TAMS 0x000000070f000000, 0x000000070f000000| Untracked 
|  93|0x000000070f100000, 0x000000070f100000, 0x000000070f200000|  0%| F|  |TAMS 0x000000070f100000, 0x000000070f100000| Untracked 
|  94|0x000000070f200000, 0x000000070f200000, 0x000000070f300000|  0%| F|  |TAMS 0x000000070f200000, 0x000000070f200000| Untracked 
|  95|0x000000070f300000, 0x000000070f300000, 0x000000070f400000|  0%| F|  |TAMS 0x000000070f300000, 0x000000070f300000| Untracked 
|  96|0x000000070f400000, 0x000000070f400000, 0x000000070f500000|  0%| F|  |TAMS 0x000000070f400000, 0x000000070f400000| Untracked 
|  97|0x000000070f500000, 0x000000070f500000, 0x000000070f600000|  0%| F|  |TAMS 0x000000070f500000, 0x000000070f500000| Untracked 
|  98|0x000000070f600000, 0x000000070f600000, 0x000000070f700000|  0%| F|  |TAMS 0x000000070f600000, 0x000000070f600000| Untracked 
|  99|0x000000070f700000, 0x000000070f700000, 0x000000070f800000|  0%| F|  |TAMS 0x000000070f700000, 0x000000070f700000| Untracked 
| 100|0x000000070f800000, 0x000000070f800000, 0x000000070f900000|  0%| F|  |TAMS 0x000000070f800000, 0x000000070f800000| Untracked 
| 101|0x000000070f900000, 0x000000070f900000, 0x000000070fa00000|  0%| F|  |TAMS 0x000000070f900000, 0x000000070f900000| Untracked 
| 102|0x000000070fa00000, 0x000000070fa00000, 0x000000070fb00000|  0%| F|  |TAMS 0x000000070fa00000, 0x000000070fa00000| Untracked 
| 103|0x000000070fb00000, 0x000000070fb00000, 0x000000070fc00000|  0%| F|  |TAMS 0x000000070fb00000, 0x000000070fb00000| Untracked 
| 104|0x000000070fc00000, 0x000000070fc00000, 0x000000070fd00000|  0%| F|  |TAMS 0x000000070fc00000, 0x000000070fc00000| Untracked 
| 105|0x000000070fd00000, 0x000000070fd00000, 0x000000070fe00000|  0%| F|  |TAMS 0x000000070fd00000, 0x000000070fd00000| Untracked 
| 106|0x000000070fe00000, 0x000000070fe00000, 0x000000070ff00000|  0%| F|  |TAMS 0x000000070fe00000, 0x000000070fe00000| Untracked 
| 107|0x000000070ff00000, 0x000000070ff00000, 0x0000000710000000|  0%| F|  |TAMS 0x000000070ff00000, 0x000000070ff00000| Untracked 
| 108|0x0000000710000000, 0x0000000710000000, 0x0000000710100000|  0%| F|  |TAMS 0x0000000710000000, 0x0000000710000000| Untracked 
| 109|0x0000000710100000, 0x0000000710100000, 0x0000000710200000|  0%| F|  |TAMS 0x0000000710100000, 0x0000000710100000| Untracked 
| 110|0x0000000710200000, 0x0000000710200000, 0x0000000710300000|  0%| F|  |TAMS 0x0000000710200000, 0x0000000710200000| Untracked 
| 111|0x0000000710300000, 0x0000000710300000, 0x0000000710400000|  0%| F|  |TAMS 0x0000000710300000, 0x0000000710300000| Untracked 
| 112|0x0000000710400000, 0x0000000710400000, 0x0000000710500000|  0%| F|  |TAMS 0x0000000710400000, 0x0000000710400000| Untracked 
| 113|0x0000000710500000, 0x0000000710500000, 0x0000000710600000|  0%| F|  |TAMS 0x0000000710500000, 0x0000000710500000| Untracked 
| 114|0x0000000710600000, 0x0000000710600000, 0x0000000710700000|  0%| F|  |TAMS 0x0000000710600000, 0x0000000710600000| Untracked 
| 115|0x0000000710700000, 0x0000000710700000, 0x0000000710800000|  0%| F|  |TAMS 0x0000000710700000, 0x0000000710700000| Untracked 
| 116|0x0000000710800000, 0x0000000710800000, 0x0000000710900000|  0%| F|  |TAMS 0x0000000710800000, 0x0000000710800000| Untracked 
| 117|0x0000000710900000, 0x0000000710900000, 0x0000000710a00000|  0%| F|  |TAMS 0x0000000710900000, 0x0000000710900000| Untracked 
| 118|0x0000000710a00000, 0x0000000710a00000, 0x0000000710b00000|  0%| F|  |TAMS 0x0000000710a00000, 0x0000000710a00000| Untracked 
| 119|0x0000000710b00000, 0x0000000710b00000, 0x0000000710c00000|  0%| F|  |TAMS 0x0000000710b00000, 0x0000000710b00000| Untracked 
| 120|0x0000000710c00000, 0x0000000710c00000, 0x0000000710d00000|  0%| F|  |TAMS 0x0000000710c00000, 0x0000000710c00000| Untracked 
| 121|0x0000000710d00000, 0x0000000710d00000, 0x0000000710e00000|  0%| F|  |TAMS 0x0000000710d00000, 0x0000000710d00000| Untracked 
| 122|0x0000000710e00000, 0x0000000710e00000, 0x0000000710f00000|  0%| F|  |TAMS 0x0000000710e00000, 0x0000000710e00000| Untracked 
| 123|0x0000000710f00000, 0x0000000710f00000, 0x0000000711000000|  0%| F|  |TAMS 0x0000000710f00000, 0x0000000710f00000| Untracked 
| 124|0x0000000711000000, 0x0000000711000000, 0x0000000711100000|  0%| F|  |TAMS 0x0000000711000000, 0x0000000711000000| Untracked 
| 125|0x0000000711100000, 0x0000000711100000, 0x0000000711200000|  0%| F|  |TAMS 0x0000000711100000, 0x0000000711100000| Untracked 
| 126|0x0000000711200000, 0x0000000711200000, 0x0000000711300000|  0%| F|  |TAMS 0x0000000711200000, 0x0000000711200000| Untracked 
| 127|0x0000000711300000, 0x0000000711300000, 0x0000000711400000|  0%| F|  |TAMS 0x0000000711300000, 0x0000000711300000| Untracked 
| 128|0x0000000711400000, 0x0000000711400000, 0x0000000711500000|  0%| F|  |TAMS 0x0000000711400000, 0x0000000711400000| Untracked 
| 129|0x0000000711500000, 0x0000000711500000, 0x0000000711600000|  0%| F|  |TAMS 0x0000000711500000, 0x0000000711500000| Untracked 
| 130|0x0000000711600000, 0x0000000711600000, 0x0000000711700000|  0%| F|  |TAMS 0x0000000711600000, 0x0000000711600000| Untracked 
| 131|0x0000000711700000, 0x0000000711700000, 0x0000000711800000|  0%| F|  |TAMS 0x0000000711700000, 0x0000000711700000| Untracked 
| 132|0x0000000711800000, 0x0000000711800000, 0x0000000711900000|  0%| F|  |TAMS 0x0000000711800000, 0x0000000711800000| Untracked 
| 133|0x0000000711900000, 0x0000000711900000, 0x0000000711a00000|  0%| F|  |TAMS 0x0000000711900000, 0x0000000711900000| Untracked 
| 134|0x0000000711a00000, 0x0000000711a00000, 0x0000000711b00000|  0%| F|  |TAMS 0x0000000711a00000, 0x0000000711a00000| Untracked 
| 135|0x0000000711b00000, 0x0000000711b00000, 0x0000000711c00000|  0%| F|  |TAMS 0x0000000711b00000, 0x0000000711b00000| Untracked 
| 136|0x0000000711c00000, 0x0000000711c00000, 0x0000000711d00000|  0%| F|  |TAMS 0x0000000711c00000, 0x0000000711c00000| Untracked 
| 137|0x0000000711d00000, 0x0000000711d00000, 0x0000000711e00000|  0%| F|  |TAMS 0x0000000711d00000, 0x0000000711d00000| Untracked 
| 138|0x0000000711e00000, 0x0000000711e00000, 0x0000000711f00000|  0%| F|  |TAMS 0x0000000711e00000, 0x0000000711e00000| Untracked 
| 139|0x0000000711f00000, 0x0000000711f00000, 0x0000000712000000|  0%| F|  |TAMS 0x0000000711f00000, 0x0000000711f00000| Untracked 
| 140|0x0000000712000000, 0x0000000712000000, 0x0000000712100000|  0%| F|  |TAMS 0x0000000712000000, 0x0000000712000000| Untracked 
| 141|0x0000000712100000, 0x0000000712100000, 0x0000000712200000|  0%| F|  |TAMS 0x0000000712100000, 0x0000000712100000| Untracked 
| 142|0x0000000712200000, 0x0000000712200000, 0x0000000712300000|  0%| F|  |TAMS 0x0000000712200000, 0x0000000712200000| Untracked 
| 143|0x0000000712300000, 0x0000000712300000, 0x0000000712400000|  0%| F|  |TAMS 0x0000000712300000, 0x0000000712300000| Untracked 
| 144|0x0000000712400000, 0x0000000712400000, 0x0000000712500000|  0%| F|  |TAMS 0x0000000712400000, 0x0000000712400000| Untracked 
| 145|0x0000000712500000, 0x0000000712500000, 0x0000000712600000|  0%| F|  |TAMS 0x0000000712500000, 0x0000000712500000| Untracked 
| 146|0x0000000712600000, 0x0000000712600000, 0x0000000712700000|  0%| F|  |TAMS 0x0000000712600000, 0x0000000712600000| Untracked 
| 147|0x0000000712700000, 0x0000000712700000, 0x0000000712800000|  0%| F|  |TAMS 0x0000000712700000, 0x0000000712700000| Untracked 
| 148|0x0000000712800000, 0x0000000712800000, 0x0000000712900000|  0%| F|  |TAMS 0x0000000712800000, 0x0000000712800000| Untracked 
| 149|0x0000000712900000, 0x0000000712900000, 0x0000000712a00000|  0%| F|  |TAMS 0x0000000712900000, 0x0000000712900000| Untracked 
| 150|0x0000000712a00000, 0x0000000712a00000, 0x0000000712b00000|  0%| F|  |TAMS 0x0000000712a00000, 0x0000000712a00000| Untracked 
| 151|0x0000000712b00000, 0x0000000712b00000, 0x0000000712c00000|  0%| F|  |TAMS 0x0000000712b00000, 0x0000000712b00000| Untracked 
| 152|0x0000000712c00000, 0x0000000712c00000, 0x0000000712d00000|  0%| F|  |TAMS 0x0000000712c00000, 0x0000000712c00000| Untracked 
| 153|0x0000000712d00000, 0x0000000712d00000, 0x0000000712e00000|  0%| F|  |TAMS 0x0000000712d00000, 0x0000000712d00000| Untracked 
| 154|0x0000000712e00000, 0x0000000712e00000, 0x0000000712f00000|  0%| F|  |TAMS 0x0000000712e00000, 0x0000000712e00000| Untracked 
| 155|0x0000000712f00000, 0x0000000712f00000, 0x0000000713000000|  0%| F|  |TAMS 0x0000000712f00000, 0x0000000712f00000| Untracked 
| 156|0x0000000713000000, 0x0000000713000000, 0x0000000713100000|  0%| F|  |TAMS 0x0000000713000000, 0x0000000713000000| Untracked 
| 157|0x0000000713100000, 0x0000000713100000, 0x0000000713200000|  0%| F|  |TAMS 0x0000000713100000, 0x0000000713100000| Untracked 
| 158|0x0000000713200000, 0x0000000713200000, 0x0000000713300000|  0%| F|  |TAMS 0x0000000713200000, 0x0000000713200000| Untracked 
| 159|0x0000000713300000, 0x0000000713300000, 0x0000000713400000|  0%| F|  |TAMS 0x0000000713300000, 0x0000000713300000| Untracked 
| 160|0x0000000713400000, 0x0000000713400000, 0x0000000713500000|  0%| F|  |TAMS 0x0000000713400000, 0x0000000713400000| Untracked 
| 161|0x0000000713500000, 0x0000000713500000, 0x0000000713600000|  0%| F|  |TAMS 0x0000000713500000, 0x0000000713500000| Untracked 
| 162|0x0000000713600000, 0x0000000713600000, 0x0000000713700000|  0%| F|  |TAMS 0x0000000713600000, 0x0000000713600000| Untracked 
| 163|0x0000000713700000, 0x0000000713700000, 0x0000000713800000|  0%| F|  |TAMS 0x0000000713700000, 0x0000000713700000| Untracked 
| 164|0x0000000713800000, 0x0000000713800000, 0x0000000713900000|  0%| F|  |TAMS 0x0000000713800000, 0x0000000713800000| Untracked 
| 165|0x0000000713900000, 0x0000000713900000, 0x0000000713a00000|  0%| F|  |TAMS 0x0000000713900000, 0x0000000713900000| Untracked 
| 166|0x0000000713a00000, 0x0000000713a00000, 0x0000000713b00000|  0%| F|  |TAMS 0x0000000713a00000, 0x0000000713a00000| Untracked 
| 167|0x0000000713b00000, 0x0000000713b00000, 0x0000000713c00000|  0%| F|  |TAMS 0x0000000713b00000, 0x0000000713b00000| Untracked 
| 168|0x0000000713c00000, 0x0000000713c00000, 0x0000000713d00000|  0%| F|  |TAMS 0x0000000713c00000, 0x0000000713c00000| Untracked 
| 169|0x0000000713d00000, 0x0000000713d00000, 0x0000000713e00000|  0%| F|  |TAMS 0x0000000713d00000, 0x0000000713d00000| Untracked 
| 170|0x0000000713e00000, 0x0000000713e00000, 0x0000000713f00000|  0%| F|  |TAMS 0x0000000713e00000, 0x0000000713e00000| Untracked 
| 171|0x0000000713f00000, 0x0000000713f00000, 0x0000000714000000|  0%| F|  |TAMS 0x0000000713f00000, 0x0000000713f00000| Untracked 
| 172|0x0000000714000000, 0x0000000714000000, 0x0000000714100000|  0%| F|  |TAMS 0x0000000714000000, 0x0000000714000000| Untracked 
| 173|0x0000000714100000, 0x0000000714100000, 0x0000000714200000|  0%| F|  |TAMS 0x0000000714100000, 0x0000000714100000| Untracked 
| 174|0x0000000714200000, 0x0000000714200000, 0x0000000714300000|  0%| F|  |TAMS 0x0000000714200000, 0x0000000714200000| Untracked 
| 175|0x0000000714300000, 0x0000000714300000, 0x0000000714400000|  0%| F|  |TAMS 0x0000000714300000, 0x0000000714300000| Untracked 
| 176|0x0000000714400000, 0x0000000714400000, 0x0000000714500000|  0%| F|  |TAMS 0x0000000714400000, 0x0000000714400000| Untracked 
| 177|0x0000000714500000, 0x0000000714500000, 0x0000000714600000|  0%| F|  |TAMS 0x0000000714500000, 0x0000000714500000| Untracked 
| 178|0x0000000714600000, 0x0000000714600000, 0x0000000714700000|  0%| F|  |TAMS 0x0000000714600000, 0x0000000714600000| Untracked 
| 179|0x0000000714700000, 0x0000000714700000, 0x0000000714800000|  0%| F|  |TAMS 0x0000000714700000, 0x0000000714700000| Untracked 
| 180|0x0000000714800000, 0x0000000714800000, 0x0000000714900000|  0%| F|  |TAMS 0x0000000714800000, 0x0000000714800000| Untracked 
| 181|0x0000000714900000, 0x0000000714900000, 0x0000000714a00000|  0%| F|  |TAMS 0x0000000714900000, 0x0000000714900000| Untracked 
| 182|0x0000000714a00000, 0x0000000714a00000, 0x0000000714b00000|  0%| F|  |TAMS 0x0000000714a00000, 0x0000000714a00000| Untracked 
| 183|0x0000000714b00000, 0x0000000714b00000, 0x0000000714c00000|  0%| F|  |TAMS 0x0000000714b00000, 0x0000000714b00000| Untracked 
| 184|0x0000000714c00000, 0x0000000714c00000, 0x0000000714d00000|  0%| F|  |TAMS 0x0000000714c00000, 0x0000000714c00000| Untracked 
| 185|0x0000000714d00000, 0x0000000714d00000, 0x0000000714e00000|  0%| F|  |TAMS 0x0000000714d00000, 0x0000000714d00000| Untracked 
| 186|0x0000000714e00000, 0x0000000714e00000, 0x0000000714f00000|  0%| F|  |TAMS 0x0000000714e00000, 0x0000000714e00000| Untracked 
| 187|0x0000000714f00000, 0x0000000714f00000, 0x0000000715000000|  0%| F|  |TAMS 0x0000000714f00000, 0x0000000714f00000| Untracked 
| 188|0x0000000715000000, 0x0000000715000000, 0x0000000715100000|  0%| F|  |TAMS 0x0000000715000000, 0x0000000715000000| Untracked 
| 189|0x0000000715100000, 0x0000000715100000, 0x0000000715200000|  0%| F|  |TAMS 0x0000000715100000, 0x0000000715100000| Untracked 
| 190|0x0000000715200000, 0x0000000715200000, 0x0000000715300000|  0%| F|  |TAMS 0x0000000715200000, 0x0000000715200000| Untracked 
| 191|0x0000000715300000, 0x0000000715300000, 0x0000000715400000|  0%| F|  |TAMS 0x0000000715300000, 0x0000000715300000| Untracked 
| 192|0x0000000715400000, 0x0000000715400000, 0x0000000715500000|  0%| F|  |TAMS 0x0000000715400000, 0x0000000715400000| Untracked 
| 193|0x0000000715500000, 0x0000000715500000, 0x0000000715600000|  0%| F|  |TAMS 0x0000000715500000, 0x0000000715500000| Untracked 
| 194|0x0000000715600000, 0x0000000715600000, 0x0000000715700000|  0%| F|  |TAMS 0x0000000715600000, 0x0000000715600000| Untracked 
| 195|0x0000000715700000, 0x0000000715700000, 0x0000000715800000|  0%| F|  |TAMS 0x0000000715700000, 0x0000000715700000| Untracked 
| 196|0x0000000715800000, 0x0000000715800000, 0x0000000715900000|  0%| F|  |TAMS 0x0000000715800000, 0x0000000715800000| Untracked 
| 197|0x0000000715900000, 0x0000000715900000, 0x0000000715a00000|  0%| F|  |TAMS 0x0000000715900000, 0x0000000715900000| Untracked 
| 198|0x0000000715a00000, 0x0000000715a00000, 0x0000000715b00000|  0%| F|  |TAMS 0x0000000715a00000, 0x0000000715a00000| Untracked 
| 199|0x0000000715b00000, 0x0000000715b00000, 0x0000000715c00000|  0%| F|  |TAMS 0x0000000715b00000, 0x0000000715b00000| Untracked 
| 200|0x0000000715c00000, 0x0000000715c00000, 0x0000000715d00000|  0%| F|  |TAMS 0x0000000715c00000, 0x0000000715c00000| Untracked 
| 201|0x0000000715d00000, 0x0000000715d00000, 0x0000000715e00000|  0%| F|  |TAMS 0x0000000715d00000, 0x0000000715d00000| Untracked 
| 202|0x0000000715e00000, 0x0000000715e00000, 0x0000000715f00000|  0%| F|  |TAMS 0x0000000715e00000, 0x0000000715e00000| Untracked 
| 203|0x0000000715f00000, 0x0000000715f00000, 0x0000000716000000|  0%| F|  |TAMS 0x0000000715f00000, 0x0000000715f00000| Untracked 
| 204|0x0000000716000000, 0x0000000716000000, 0x0000000716100000|  0%| F|  |TAMS 0x0000000716000000, 0x0000000716000000| Untracked 
| 205|0x0000000716100000, 0x0000000716100000, 0x0000000716200000|  0%| F|  |TAMS 0x0000000716100000, 0x0000000716100000| Untracked 
| 206|0x0000000716200000, 0x0000000716200000, 0x0000000716300000|  0%| F|  |TAMS 0x0000000716200000, 0x0000000716200000| Untracked 
| 207|0x0000000716300000, 0x0000000716300000, 0x0000000716400000|  0%| F|  |TAMS 0x0000000716300000, 0x0000000716300000| Untracked 
| 208|0x0000000716400000, 0x0000000716400000, 0x0000000716500000|  0%| F|  |TAMS 0x0000000716400000, 0x0000000716400000| Untracked 
| 209|0x0000000716500000, 0x0000000716500000, 0x0000000716600000|  0%| F|  |TAMS 0x0000000716500000, 0x0000000716500000| Untracked 
| 210|0x0000000716600000, 0x0000000716600000, 0x0000000716700000|  0%| F|  |TAMS 0x0000000716600000, 0x0000000716600000| Untracked 
| 211|0x0000000716700000, 0x0000000716700000, 0x0000000716800000|  0%| F|  |TAMS 0x0000000716700000, 0x0000000716700000| Untracked 
| 212|0x0000000716800000, 0x0000000716800000, 0x0000000716900000|  0%| F|  |TAMS 0x0000000716800000, 0x0000000716800000| Untracked 
| 213|0x0000000716900000, 0x0000000716900000, 0x0000000716a00000|  0%| F|  |TAMS 0x0000000716900000, 0x0000000716900000| Untracked 
| 214|0x0000000716a00000, 0x0000000716a00000, 0x0000000716b00000|  0%| F|  |TAMS 0x0000000716a00000, 0x0000000716a00000| Untracked 
| 215|0x0000000716b00000, 0x0000000716b00000, 0x0000000716c00000|  0%| F|  |TAMS 0x0000000716b00000, 0x0000000716b00000| Untracked 
| 216|0x0000000716c00000, 0x0000000716c00000, 0x0000000716d00000|  0%| F|  |TAMS 0x0000000716c00000, 0x0000000716c00000| Untracked 
| 217|0x0000000716d00000, 0x0000000716d00000, 0x0000000716e00000|  0%| F|  |TAMS 0x0000000716d00000, 0x0000000716d00000| Untracked 
| 218|0x0000000716e00000, 0x0000000716e00000, 0x0000000716f00000|  0%| F|  |TAMS 0x0000000716e00000, 0x0000000716e00000| Untracked 
| 219|0x0000000716f00000, 0x0000000716f00000, 0x0000000717000000|  0%| F|  |TAMS 0x0000000716f00000, 0x0000000716f00000| Untracked 
| 220|0x0000000717000000, 0x0000000717000000, 0x0000000717100000|  0%| F|  |TAMS 0x0000000717000000, 0x0000000717000000| Untracked 
| 221|0x0000000717100000, 0x0000000717100000, 0x0000000717200000|  0%| F|  |TAMS 0x0000000717100000, 0x0000000717100000| Untracked 
| 222|0x0000000717200000, 0x0000000717200000, 0x0000000717300000|  0%| F|  |TAMS 0x0000000717200000, 0x0000000717200000| Untracked 
| 223|0x0000000717300000, 0x0000000717300000, 0x0000000717400000|  0%| F|  |TAMS 0x0000000717300000, 0x0000000717300000| Untracked 
| 224|0x0000000717400000, 0x0000000717400000, 0x0000000717500000|  0%| F|  |TAMS 0x0000000717400000, 0x0000000717400000| Untracked 
| 225|0x0000000717500000, 0x0000000717500000, 0x0000000717600000|  0%| F|  |TAMS 0x0000000717500000, 0x0000000717500000| Untracked 
| 226|0x0000000717600000, 0x0000000717600000, 0x0000000717700000|  0%| F|  |TAMS 0x0000000717600000, 0x0000000717600000| Untracked 
| 227|0x0000000717700000, 0x0000000717700000, 0x0000000717800000|  0%| F|  |TAMS 0x0000000717700000, 0x0000000717700000| Untracked 
| 228|0x0000000717800000, 0x0000000717800000, 0x0000000717900000|  0%| F|  |TAMS 0x0000000717800000, 0x0000000717800000| Untracked 
| 229|0x0000000717900000, 0x0000000717900000, 0x0000000717a00000|  0%| F|  |TAMS 0x0000000717900000, 0x0000000717900000| Untracked 
| 230|0x0000000717a00000, 0x0000000717a00000, 0x0000000717b00000|  0%| F|  |TAMS 0x0000000717a00000, 0x0000000717a00000| Untracked 
| 231|0x0000000717b00000, 0x0000000717b00000, 0x0000000717c00000|  0%| F|  |TAMS 0x0000000717b00000, 0x0000000717b00000| Untracked 
| 232|0x0000000717c00000, 0x0000000717c00000, 0x0000000717d00000|  0%| F|  |TAMS 0x0000000717c00000, 0x0000000717c00000| Untracked 
| 233|0x0000000717d00000, 0x0000000717d00000, 0x0000000717e00000|  0%| F|  |TAMS 0x0000000717d00000, 0x0000000717d00000| Untracked 
| 234|0x0000000717e00000, 0x0000000717ef68b0, 0x0000000717f00000| 96%| E|  |TAMS 0x0000000717e00000, 0x0000000717e00000| Complete 
| 235|0x0000000717f00000, 0x0000000718000000, 0x0000000718000000|100%| E|CS|TAMS 0x0000000717f00000, 0x0000000717f00000| Complete 
| 236|0x0000000718000000, 0x0000000718100000, 0x0000000718100000|100%| E|CS|TAMS 0x0000000718000000, 0x0000000718000000| Complete 
| 237|0x0000000718100000, 0x0000000718200000, 0x0000000718200000|100%| E|CS|TAMS 0x0000000718100000, 0x0000000718100000| Complete 
| 238|0x0000000718200000, 0x0000000718300000, 0x0000000718300000|100%| E|CS|TAMS 0x0000000718200000, 0x0000000718200000| Complete 
| 239|0x0000000718300000, 0x0000000718400000, 0x0000000718400000|100%| E|CS|TAMS 0x0000000718300000, 0x0000000718300000| Complete 
| 240|0x0000000718400000, 0x0000000718500000, 0x0000000718500000|100%| E|CS|TAMS 0x0000000718400000, 0x0000000718400000| Complete 
| 241|0x0000000718500000, 0x0000000718600000, 0x0000000718600000|100%| E|  |TAMS 0x0000000718500000, 0x0000000718500000| Complete 
| 242|0x0000000718600000, 0x0000000718700000, 0x0000000718700000|100%| E|CS|TAMS 0x0000000718600000, 0x0000000718600000| Complete 
| 243|0x0000000718700000, 0x0000000718800000, 0x0000000718800000|100%| E|CS|TAMS 0x0000000718700000, 0x0000000718700000| Complete 
| 244|0x0000000718800000, 0x0000000718900000, 0x0000000718900000|100%| E|CS|TAMS 0x0000000718800000, 0x0000000718800000| Complete 
| 245|0x0000000718900000, 0x0000000718a00000, 0x0000000718a00000|100%| E|CS|TAMS 0x0000000718900000, 0x0000000718900000| Complete 
| 246|0x0000000718a00000, 0x0000000718b00000, 0x0000000718b00000|100%| E|CS|TAMS 0x0000000718a00000, 0x0000000718a00000| Complete 
| 247|0x0000000718b00000, 0x0000000718c00000, 0x0000000718c00000|100%| E|CS|TAMS 0x0000000718b00000, 0x0000000718b00000| Complete 

Card table byte_map: [0x000002583f170000,0x000002583f930000] _byte_map_base: 0x000002583b926000

Marking Bits (Prev, Next): (CMBitMap*) 0x0000025826a05a28, (CMBitMap*) 0x0000025826a05a60
 Prev Bits: [0x00000258400f0000, 0x0000025843ea0000)
 Next Bits: [0x0000025843ea0000, 0x0000025847c50000)

Polling page: 0x0000025824620000

Metaspace:

Usage:
  Non-class:      9.21 MB capacity,     9.09 MB ( 99%) used,   107.14 KB (  1%) free+waste,     8.62 KB ( <1%) overhead. 
      Class:    942.00 KB capacity,   895.06 KB ( 95%) used,    43.62 KB (  5%) free+waste,     3.31 KB ( <1%) overhead. 
       Both:     10.13 MB capacity,     9.97 MB ( 98%) used,   150.77 KB (  1%) free+waste,    11.94 KB ( <1%) overhead. 

Virtual space:
  Non-class space:       10.00 MB reserved,       9.25 MB ( 92%) committed 
      Class space:        1.00 GB reserved,       1.00 MB ( <1%) committed 
             Both:        1.01 GB reserved,      10.25 MB ( <1%) committed 

Chunk freelists:
   Non-Class:  43.00 KB
       Class:  18.00 KB
        Both:  61.00 KB

MaxMetaspaceSize: 17179869184.00 GB
CompressedClassSpaceSize: 1.00 GB
Initial GC threshold: 20.80 MB
Current GC threshold: 20.80 MB
CDS: off

CodeHeap 'non-profiled nmethods': size=119168Kb used=217Kb max_used=217Kb free=118950Kb
 bounds [0x0000025836cd0000, 0x0000025836f40000, 0x000002583e130000]
CodeHeap 'profiled nmethods': size=119168Kb used=1192Kb max_used=1192Kb free=117975Kb
 bounds [0x000002582f870000, 0x000002582fae0000, 0x0000025836cd0000]
CodeHeap 'non-nmethods': size=7424Kb used=2254Kb max_used=2265Kb free=5169Kb
 bounds [0x000002582f130000, 0x000002582f3a0000, 0x000002582f870000]
 total_blobs=1074 nmethods=692 adapters=293
 compilation: enabled
              stopped_count=0, restarted_count=0
 full_count=0

Compilation events (20 events):
Event: 0.270 Thread 0x000002584b82b000  684       3       java.util.StringTokenizer::nextToken (92 bytes)
Event: 0.270 Thread 0x000002584b83f000  686       4       java.lang.String::substring (58 bytes)
Event: 0.270 Thread 0x000002584b82b000 nmethod 684 0x000002582f993890 code [0x000002582f993a80, 0x000002582f993d98]
Event: 0.270 Thread 0x000002584b82b000  685       3       java.util.StringTokenizer::hasMoreTokens (29 bytes)
Event: 0.271 Thread 0x000002584b65d000 nmethod 683 0x0000025836d05a10 code [0x0000025836d05ba0, 0x0000025836d05c38]
Event: 0.271 Thread 0x000002584b82b000 nmethod 685 0x000002582f993f10 code [0x000002582f9940c0, 0x000002582f994268]
Event: 0.271 Thread 0x000002584b82c000 nmethod 681 0x000002582f994310 code [0x000002582f9946a0, 0x000002582f996088]
Event: 0.271 Thread 0x000002584b65e800 nmethod 682 0x000002582f996810 code [0x000002582f996ac0, 0x000002582f997808]
Event: 0.273 Thread 0x000002584b82b000  687       3       java.nio.ByteBuffer::position (8 bytes)
Event: 0.273 Thread 0x000002584b82b000 nmethod 687 0x000002582f997d10 code [0x000002582f997ec0, 0x000002582f998008]
Event: 0.274 Thread 0x000002584b83f000 nmethod 686 0x0000025836d05d10 code [0x0000025836d05ec0, 0x0000025836d06438]
Event: 0.274 Thread 0x000002584b82c000  688       3       java.lang.String::charAt (25 bytes)
Event: 0.274 Thread 0x000002584b82c000 nmethod 688 0x000002582f998090 code [0x000002582f9982a0, 0x000002582f9987b8]
Event: 0.275 Thread 0x000002584b65e800  689       3       java.util.Collections$UnmodifiableCollection$1::next (10 bytes)
Event: 0.275 Thread 0x000002584b82c000  690       3       sun.nio.cs.SingleByte$Encoder::encode (32 bytes)
Event: 0.275 Thread 0x000002584b65e800 nmethod 689 0x000002582f998a10 code [0x000002582f998bc0, 0x000002582f998d88]
Event: 0.275 Thread 0x000002584b65e800  691       3       java.lang.String::getChars (54 bytes)
Event: 0.275 Thread 0x000002584b82b000  692       3       java.lang.StringLatin1::getChars (12 bytes)
Event: 0.275 Thread 0x000002584b82c000 nmethod 690 0x000002582f998e90 code [0x000002582f999040, 0x000002582f9991f8]
Event: 0.276 Thread 0x000002584b65e800 nmethod 691 0x000002582f999310 code [0x000002582f999520, 0x000002582f9999d8]

GC Heap History (0 events):
No events

Deoptimization events (20 events):
Event: 0.201 Thread 0x0000025826992800 Uncommon trap: trap_request=0xffffffde fr.pc=0x0000025836cec860 relative=0x0000000000000e40
Event: 0.201 Thread 0x0000025826992800 Uncommon trap: reason=class_check action=maybe_recompile pc=0x0000025836cec860 method=java.util.HashMap.putVal(ILjava/lang/Object;Ljava/lang/Object;ZZ)Ljava/lang/Object; @ 203 c2
Event: 0.201 Thread 0x0000025826992800 DEOPT PACKING pc=0x0000025836cec860 sp=0x000000fa927fc450
Event: 0.201 Thread 0x0000025826992800 DEOPT UNPACKING pc=0x000002582f17a1af sp=0x000000fa927fc400 mode 2
Event: 0.201 Thread 0x0000025826992800 Uncommon trap: trap_request=0xffffffde fr.pc=0x0000025836cec860 relative=0x0000000000000e40
Event: 0.201 Thread 0x0000025826992800 Uncommon trap: reason=class_check action=maybe_recompile pc=0x0000025836cec860 method=java.util.HashMap.putVal(ILjava/lang/Object;Ljava/lang/Object;ZZ)Ljava/lang/Object; @ 203 c2
Event: 0.201 Thread 0x0000025826992800 DEOPT PACKING pc=0x0000025836cec860 sp=0x000000fa927fc450
Event: 0.201 Thread 0x0000025826992800 DEOPT UNPACKING pc=0x000002582f17a1af sp=0x000000fa927fc400 mode 2
Event: 0.228 Thread 0x0000025826992800 Uncommon trap: trap_request=0xffffffde fr.pc=0x0000025836cfb6fc relative=0x0000000000000ebc
Event: 0.228 Thread 0x0000025826992800 Uncommon trap: reason=class_check action=maybe_recompile pc=0x0000025836cfb6fc method=java.util.HashMap.putVal(ILjava/lang/Object;Ljava/lang/Object;ZZ)Ljava/lang/Object; @ 91 c2
Event: 0.228 Thread 0x0000025826992800 DEOPT PACKING pc=0x0000025836cfb6fc sp=0x000000fa927fe410
Event: 0.228 Thread 0x0000025826992800 DEOPT UNPACKING pc=0x000002582f17a1af sp=0x000000fa927fe3f0 mode 2
Event: 0.234 Thread 0x0000025826992800 DEOPT PACKING pc=0x000002582f8f9bc2 sp=0x000000fa927fdd50
Event: 0.234 Thread 0x0000025826992800 DEOPT UNPACKING pc=0x000002582f17a95e sp=0x000000fa927fd1b8 mode 0
Event: 0.243 Thread 0x0000025826992800 DEOPT PACKING pc=0x000002582f8bda24 sp=0x000000fa927fd590
Event: 0.243 Thread 0x0000025826992800 DEOPT UNPACKING pc=0x000002582f17a95e sp=0x000000fa927fca28 mode 0
Event: 0.274 Thread 0x0000025826992800 Uncommon trap: trap_request=0xffffff4d fr.pc=0x0000025836cdd894 relative=0x0000000000000074
Event: 0.274 Thread 0x0000025826992800 Uncommon trap: reason=unstable_if action=reinterpret pc=0x0000025836cdd894 method=java.lang.String.isLatin1()Z @ 10 c2
Event: 0.274 Thread 0x0000025826992800 DEOPT PACKING pc=0x0000025836cdd894 sp=0x000000fa927fe0a0
Event: 0.274 Thread 0x0000025826992800 DEOPT UNPACKING pc=0x000002582f17a1af sp=0x000000fa927fdfe0 mode 2

Classes redefined (0 events):
No events

Internal exceptions (7 events):
Event: 0.136 Thread 0x0000025826992800 Exception <a 'java/security/PrivilegedActionException'{0x0000000718524088}> (0x0000000718524088) thrown at [s\src\hotspot\share\prims\jvm.cpp, line 1306]
Event: 0.136 Thread 0x0000025826992800 Exception <a 'java/security/PrivilegedActionException'{0x0000000718524358}> (0x0000000718524358) thrown at [s\src\hotspot\share\prims\jvm.cpp, line 1306]
Event: 0.138 Thread 0x0000025826992800 Exception <a 'java/security/PrivilegedActionException'{0x0000000718525820}> (0x0000000718525820) thrown at [s\src\hotspot\share\prims\jvm.cpp, line 1306]
Event: 0.138 Thread 0x0000025826992800 Exception <a 'java/security/PrivilegedActionException'{0x0000000718525af0}> (0x0000000718525af0) thrown at [s\src\hotspot\share\prims\jvm.cpp, line 1306]
Event: 0.139 Thread 0x0000025826992800 Exception <a 'java/security/PrivilegedActionException'{0x0000000718526d90}> (0x0000000718526d90) thrown at [s\src\hotspot\share\prims\jvm.cpp, line 1306]
Event: 0.139 Thread 0x0000025826992800 Exception <a 'java/security/PrivilegedActionException'{0x0000000718527060}> (0x0000000718527060) thrown at [s\src\hotspot\share\prims\jvm.cpp, line 1306]
Event: 0.275 Thread 0x0000025826992800 Exception <a 'java/lang/reflect/InvocationTargetException'{0x0000000717e7dc78}> (0x0000000717e7dc78) thrown at [s\src\hotspot\share\runtime\reflection.cpp, line 1245]

Events (20 events):
Event: 0.274 loading class java/util/Formatter$FixedString
Event: 0.274 loading class java/util/Formatter$FormatString
Event: 0.274 loading class java/util/Formatter$FormatString done
Event: 0.274 loading class java/util/Formatter$FixedString done
Event: 0.274 loading class java/util/Formatter$FormatSpecifier
Event: 0.274 loading class java/util/Formatter$FormatSpecifier done
Event: 0.275 loading class java/util/Formatter$Flags
Event: 0.275 loading class java/util/Formatter$Flags done
Event: 0.275 loading class java/util/Formatter$Conversion
Event: 0.275 loading class java/util/Formatter$Conversion done
Event: 0.275 loading class java/util/Formattable
Event: 0.275 loading class java/util/Formattable done
Event: 0.275 loading class java/lang/reflect/InvocationTargetException
Event: 0.275 loading class java/lang/reflect/InvocationTargetException done
Event: 0.275 loading class java/lang/Throwable$WrappedPrintStream
Event: 0.275 loading class java/lang/Throwable$PrintStreamOrWriter
Event: 0.275 loading class java/lang/Throwable$PrintStreamOrWriter done
Event: 0.275 loading class java/lang/Throwable$WrappedPrintStream done
Event: 0.275 loading class java/lang/StackTraceElement$HashedModules
Event: 0.275 loading class java/lang/StackTraceElement$HashedModules done


Dynamic libraries:
0x00007ff632740000 - 0x00007ff63274e000 	C:\Users\Asus\.jdks\corretto-11.0.21\bin\java.exe
0x00007ff8c3d10000 - 0x00007ff8c3f08000 	C:\Windows\SYSTEM32\ntdll.dll
0x00007ff8c2100000 - 0x00007ff8c21bd000 	C:\Windows\System32\KERNEL32.DLL
0x00007ff8c1490000 - 0x00007ff8c1786000 	C:\Windows\System32\KERNELBASE.dll
0x00007ff8c18f0000 - 0x00007ff8c19f0000 	C:\Windows\System32\ucrtbase.dll
0x00007ff8b9430000 - 0x00007ff8b9447000 	C:\Users\Asus\.jdks\corretto-11.0.21\bin\jli.dll
0x00007ff8c2840000 - 0x00007ff8c29de000 	C:\Windows\System32\USER32.dll
0x00007ff8c1d40000 - 0x00007ff8c1d62000 	C:\Windows\System32\win32u.dll
0x00007ff8bcf10000 - 0x00007ff8bcf2b000 	C:\Users\Asus\.jdks\corretto-11.0.21\bin\VCRUNTIME140.dll
0x00007ff8c2a90000 - 0x00007ff8c2abc000 	C:\Windows\System32\GDI32.dll
0x00007ff8ac8a0000 - 0x00007ff8acb3a000 	C:\Windows\WinSxS\amd64_microsoft.windows.common-controls_6595b64144ccf1df_6.0.19041.1110_none_60b5254171f9507e\COMCTL32.dll
0x00007ff8c1c20000 - 0x00007ff8c1d3a000 	C:\Windows\System32\gdi32full.dll
0x00007ff8c13f0000 - 0x00007ff8c148d000 	C:\Windows\System32\msvcp_win.dll
0x00007ff8c2060000 - 0x00007ff8c20fe000 	C:\Windows\System32\msvcrt.dll
0x00007ff8c3ca0000 - 0x00007ff8c3cd0000 	C:\Windows\System32\IMM32.DLL
0x00007ff8be1f0000 - 0x00007ff8be1fc000 	C:\Users\Asus\.jdks\corretto-11.0.21\bin\vcruntime140_1.dll
0x00007ff8b8b20000 - 0x00007ff8b8bad000 	C:\Users\Asus\.jdks\corretto-11.0.21\bin\msvcp140.dll
0x00007ff86c920000 - 0x00007ff86d4e3000 	C:\Users\Asus\.jdks\corretto-11.0.21\bin\server\jvm.dll
0x00007ff8c1d70000 - 0x00007ff8c1e1e000 	C:\Windows\System32\ADVAPI32.dll
0x00007ff8c29f0000 - 0x00007ff8c2a8c000 	C:\Windows\System32\sechost.dll
0x00007ff8c3270000 - 0x00007ff8c3396000 	C:\Windows\System32\RPCRT4.dll
0x00007ff8c3450000 - 0x00007ff8c3458000 	C:\Windows\System32\PSAPI.DLL
0x00007ff8b40b0000 - 0x00007ff8b40d7000 	C:\Windows\SYSTEM32\WINMM.dll
0x00007ff8ae730000 - 0x00007ff8ae739000 	C:\Windows\SYSTEM32\WSOCK32.dll
0x00007ff8c3bd0000 - 0x00007ff8c3c3b000 	C:\Windows\System32\WS2_32.dll
0x00007ff8b9850000 - 0x00007ff8b985a000 	C:\Windows\SYSTEM32\VERSION.dll
0x00007ff8bf260000 - 0x00007ff8bf272000 	C:\Windows\SYSTEM32\kernel.appcore.dll
0x00007ff8be1d0000 - 0x00007ff8be1e0000 	C:\Users\Asus\.jdks\corretto-11.0.21\bin\verify.dll
0x00007ff8b71c0000 - 0x00007ff8b73a4000 	C:\Windows\SYSTEM32\DBGHELP.DLL
0x00007ff8b6aa0000 - 0x00007ff8b6ad4000 	C:\Windows\SYSTEM32\dbgcore.DLL
0x00007ff8c1a40000 - 0x00007ff8c1ac2000 	C:\Windows\System32\bcryptPrimitives.dll
0x00007ff8b8af0000 - 0x00007ff8b8b18000 	C:\Users\Asus\.jdks\corretto-11.0.21\bin\java.dll
0x00007ff8bd030000 - 0x00007ff8bd03a000 	C:\Users\Asus\.jdks\corretto-11.0.21\bin\jimage.dll
0x00007ff8b9200000 - 0x00007ff8b920e000 	C:\Users\Asus\.jdks\corretto-11.0.21\bin\instrument.dll
0x00007ff8b8ad0000 - 0x00007ff8b8ae8000 	C:\Users\Asus\.jdks\corretto-11.0.21\bin\zip.dll
0x00007ff8c3480000 - 0x00007ff8c3bc5000 	C:\Windows\System32\SHELL32.dll
0x00007ff8bf480000 - 0x00007ff8bfc1b000 	C:\Windows\SYSTEM32\windows.storage.dll
0x00007ff8c2cd0000 - 0x00007ff8c3024000 	C:\Windows\System32\combase.dll
0x00007ff8c0e30000 - 0x00007ff8c0e5e000 	C:\Windows\SYSTEM32\Wldp.dll
0x00007ff8c33a0000 - 0x00007ff8c344d000 	C:\Windows\System32\SHCORE.dll
0x00007ff8c30e0000 - 0x00007ff8c3135000 	C:\Windows\System32\shlwapi.dll
0x00007ff8c1320000 - 0x00007ff8c1345000 	C:\Windows\SYSTEM32\profapi.dll
0x00007ff8b8ab0000 - 0x00007ff8b8ac9000 	C:\Users\Asus\.jdks\corretto-11.0.21\bin\net.dll
0x00007ff8bbfc0000 - 0x00007ff8bc0ca000 	C:\Windows\SYSTEM32\WINHTTP.dll
0x00007ff8c0b20000 - 0x00007ff8c0b8a000 	C:\Windows\system32\mswsock.dll
0x00007ff8b8a90000 - 0x00007ff8b8aa2000 	C:\Users\Asus\.jdks\corretto-11.0.21\bin\nio.dll
0x00007ff8873b0000 - 0x00007ff8873c7000 	C:\Windows\system32\napinsp.dll
0x00007ff887ca0000 - 0x00007ff887cbb000 	C:\Windows\system32\pnrpnsp.dll
0x00007ff8bc330000 - 0x00007ff8bc345000 	C:\Windows\system32\wshbth.dll
0x00007ff8bcee0000 - 0x00007ff8bcefd000 	C:\Windows\system32\NLAapi.dll
0x00007ff8c0810000 - 0x00007ff8c084b000 	C:\Windows\SYSTEM32\IPHLPAPI.DLL
0x00007ff8c0850000 - 0x00007ff8c091a000 	C:\Windows\SYSTEM32\DNSAPI.dll
0x00007ff8c29e0000 - 0x00007ff8c29e8000 	C:\Windows\System32\NSI.dll
0x00007ff8888c0000 - 0x00007ff8888d2000 	C:\Windows\System32\winrnr.dll
0x00007ff8b9cf0000 - 0x00007ff8b9cfa000 	C:\Windows\System32\rasadhlp.dll
0x00007ff8b9720000 - 0x00007ff8b97a2000 	C:\Windows\System32\fwpuclnt.dll
0x00007ff8c1ad0000 - 0x00007ff8c1af7000 	C:\Windows\System32\bcrypt.dll

dbghelp: loaded successfully - version: 4.0.5 - missing functions: none
symbol engine: initialized successfully - sym options: 0x614 - pdb path: .;C:\Users\Asus\.jdks\corretto-11.0.21\bin;C:\Windows\SYSTEM32;C:\Windows\WinSxS\amd64_microsoft.windows.common-controls_6595b64144ccf1df_6.0.19041.1110_none_60b5254171f9507e;C:\Users\Asus\.jdks\corretto-11.0.21\bin\server

VM Arguments:
jvm_args: -javaagent:C:\\Users\\Asus\\.m2\\repository\\org\\jacoco\\org.jacoco.agent\\0.7.7.201606060606\\org.jacoco.agent-0.7.7.201606060606-runtime.jar=destfile=C:\\Users\\Asus\\Desktop\\DevOps_Project\\target\\jacoco.exec 
java_command: C:\Users\Asus\AppData\Local\Temp\surefire8756671192102758907\surefirebooter16951632240320503458.jar C:\Users\Asus\AppData\Local\Temp\surefire8756671192102758907 2023-10-22T14-59-14_361-jvmRun1 surefire7842977134282372769tmp surefire_03077191825208626125tmp
java_class_path (initial): C:\Users\Asus\AppData\Local\Temp\surefire8756671192102758907\surefirebooter16951632240320503458.jar
Launcher Type: SUN_STANDARD

[Global flags]
     intx CICompilerCount                          = 12                                        {product} {ergonomic}
     uint ConcGCThreads                            = 3                                         {product} {ergonomic}
     uint G1ConcRefinementThreads                  = 13                                        {product} {ergonomic}
   size_t G1HeapRegionSize                         = 1048576                                   {product} {ergonomic}
    uintx GCDrainStackTargetSize                   = 64                                        {product} {ergonomic}
   size_t InitialHeapSize                          = 260046848                                 {product} {ergonomic}
   size_t MarkStackSize                            = 4194304                                   {product} {ergonomic}
   size_t MaxHeapSize                              = 4139778048                                {product} {ergonomic}
   size_t MaxNewSize                               = 2483027968                                {product} {ergonomic}
   size_t MinHeapDeltaBytes                        = 1048576                                   {product} {ergonomic}
    uintx NonNMethodCodeHeapSize                   = 7594288                                {pd product} {ergonomic}
    uintx NonProfiledCodeHeapSize                  = 122031976                              {pd product} {ergonomic}
    uintx ProfiledCodeHeapSize                     = 122031976                              {pd product} {ergonomic}
    uintx ReservedCodeCacheSize                    = 251658240                              {pd product} {ergonomic}
     bool SegmentedCodeCache                       = true                                      {product} {ergonomic}
     bool UseCompressedClassPointers               = true                                 {lp64_product} {ergonomic}
     bool UseCompressedOops                        = true                                 {lp64_product} {ergonomic}
     bool UseG1GC                                  = true                                      {product} {ergonomic}
     bool UseLargePagesIndividualAllocation        = false                                  {pd product} {ergonomic}

Logging:
Log output configuration:
 #0: stdout all=warning uptime,level,tags
 #1: stderr all=off uptime,level,tags

Environment Variables:
JAVA_HOME=C:\Program Files\Java\jdk-1.8
PATH=C:\Program Files (x86)\VMware\VMware Workstation\bin\;C:\Program Files (x86)\Common Files\Oracle\Java\javapath;C:\Windows\system32;C:\Windows;C:\Windows\System32\Wbem;C:\Windows\System32\WindowsPowerShell\v1.0\;C:\Windows\System32\OpenSSH\;C:\Program Files (x86)\NVIDIA Corporation\PhysX\Common;C:\Program Files\Java\jdk-1.8\bin;C:\Program Files\nodejs\;C:\Program Files\Git\cmd;C:\Users\Asus\AppData\Local\Microsoft\WindowsApps;C:\Users\Asus\AppData\Roaming\npm;C:\Users\Asus\AppData\Local\Programs\Microsoft VS Code\bin
USERNAME=Asus
OS=Windows_NT
PROCESSOR_IDENTIFIER=AMD64 Family 23 Model 96 Stepping 1, AuthenticAMD
TMP=C:\Users\Asus\AppData\Local\Temp
TEMP=C:\Users\Asus\AppData\Local\Temp



---------------  S Y S T E M  ---------------

OS: Windows 10 , 64 bit Build 19041 (10.0.19041.3393)
OS uptime: 3 days 22:27 hours

CPU:total 16 (initial active 16) (16 cores per cpu, 2 threads per core) family 23 model 96 stepping 1 microcode 0x0, cmov, cx8, fxsr, mmx, sse, sse2, sse3, ssse3, sse4.1, sse4.2, popcnt, avx, avx2, aes, clmul, mmxext, 3dnowpref, lzcnt, sse4a, ht, tsc, tscinvbit, tscinv, bmi1, bmi2, adx, sha, fma

Memory: 4k page, system-wide physical 15790M (8561M free)
TotalPageFile size 18222M (AvailPageFile size 8597M)
current process WorkingSet (physical memory assigned to process): 67M, peak: 67M
current process commit charge ("private bytes"): 354M, peak: 354M

vm_info: OpenJDK 64-Bit Server VM (11.0.21+9-LTS) for windows-amd64 JRE (11.0.21+9-LTS), built on Oct  9 2023 18:37:11 by "Administrator" with MS VC++ 16.10 / 16.11 (VS2019)

END.
